

Microchip MPLAB XC8 Assembler V2.32 build 20210201212658 
                                                                                               Mon Nov 08 02:42:04 2021

Microchip MPLAB XC8 C Compiler v2.32 (Free license) build 20210201212658 Og1 
     1                           	processor	18F67K40
     2                           	fnconf	rparam,??,?,0
     3                           	pagewidth 120
     4                           	opt	flic
     5                           	psect	cinit,global,reloc=2,class=CODE,delta=1
     6                           	psect	bssCOMRAM,global,class=COMRAM,space=1,delta=1,lowdata,noexec
     7                           	psect	cstackCOMRAM,global,class=COMRAM,space=1,delta=1,lowdata,noexec
     8                           	psect	text0,global,reloc=2,class=CODE,delta=1
     9                           	psect	text1,global,reloc=2,class=CODE,delta=1
    10                           	psect	text2,global,reloc=2,class=CODE,delta=1
    11                           	psect	text3,global,reloc=2,class=CODE,delta=1
    12                           	psect	text4,global,reloc=2,class=CODE,delta=1
    13                           	psect	text5,global,reloc=2,class=CODE,delta=1
    14                           	psect	text6,global,reloc=2,class=CODE,delta=1
    15                           	psect	text7,global,reloc=2,class=CODE,delta=1
    16                           	psect	intcode,global,reloc=2,class=CODE,delta=1
    17                           	psect	intsave_regs,global,class=BIGRAM,space=1,delta=1,noexec
    18                           	psect	rparam,global,class=COMRAM,space=1,delta=1,noexec
    19                           	psect	temp,global,ovrld,common,class=COMRAM,space=1,delta=1
    20                           	psect	idloc,global,abs,ovrld,class=IDLOC,space=5,delta=1,noexec
    21                           	psect	config,global,abs,ovrld,class=CONFIG,space=4,delta=1,noexec
    22  0000                     
    23                           ; Version 2.20
    24                           ; Generated 05/05/2020 GMT
    25                           ; 
    26                           ; Copyright © 2020, Microchip Technology Inc. and its subsidiaries ("Microchip")
    27                           ; All rights reserved.
    28                           ; 
    29                           ; This software is developed by Microchip Technology Inc. and its subsidiaries ("Microch
      +                          ip").
    30                           ; 
    31                           ; Redistribution and use in source and binary forms, with or without modification, are
    32                           ; permitted provided that the following conditions are met:
    33                           ; 
    34                           ;     1. Redistributions of source code must retain the above copyright notice, this lis
      +                          t of
    35                           ;        conditions and the following disclaimer.
    36                           ; 
    37                           ;     2. Redistributions in binary form must reproduce the above copyright notice, this 
      +                          list
    38                           ;        of conditions and the following disclaimer in the documentation and/or other
    39                           ;        materials provided with the distribution.
    40                           ; 
    41                           ;     3. Microchip's name may not be used to endorse or promote products derived from th
      +                          is
    42                           ;        software without specific prior written permission.
    43                           ; 
    44                           ; THIS SOFTWARE IS PROVIDED BY MICROCHIP "AS IS" AND ANY EXPRESS OR IMPLIED WARRANTIES,
    45                           ; INCLUDING, BUT NOT LIMITED TO, THE IMPLIED WARRANTIES OF MERCHANTABILITY AND FITNESS F
      +                          OR
    46                           ; PURPOSE ARE DISCLAIMED.  IN NO EVENT SHALL MICROCHIP BE LIABLE FOR ANY DIRECT, INDIREC
      +                          T,
    47                           ; INCIDENTAL, SPECIAL, EXEMPLARY, OR CONSEQUENTIAL DAMAGES (INCLUDING BUT NOT LIMITED TO
    48                           ; PROCUREMENT OF SUBSTITUTE GOODS OR SERVICES; LOSS OF USE, DATA OR PROFITS; OR BUSINESS
    49                           ; INTERRUPTION) HOWSOEVER CAUSED AND ON ANY THEORY OF LIABILITY, WHETHER IN CONTRACT, ST
      +                          RICT
    50                           ; LIABILITY, OR TORT (INCLUDING NEGLIGENCE OR OTHERWISE) ARISING IN ANY WAY OUT OF THE U
      +                          SE OF
    51                           ; THIS SOFTWARE, EVEN IF ADVISED OF THE POSSIBILITY OF SUCH DAMAGE.
    52                           ; 
    53                           ; 
    54                           ; Code-generator required, PIC18F67K40 Definitions
    55                           ; 
    56                           ; SFR Addresses
    57  0000                     _CM1CON1bits	set	3793
    58  0000                     _CM1CON0bits	set	3792
    59  0000                     _CM1PCHbits	set	3795
    60  0000                     _CM1NCHbits	set	3794
    61  0000                     _DAC1CON1bits	set	3783
    62  0000                     _DAC1CON0bits	set	3782
    63  0000                     _PIR0bits	set	3635
    64  0000                     _PIE2bits	set	3627
    65  0000                     _PIE0bits	set	3625
    66  0000                     _ANSELFbits	set	3764
    67  0000                     _INTCONbits	set	4082
    68  0000                     _TMR0L	set	4051
    69  0000                     _TMR0H	set	4052
    70  0000                     _T0CON0bits	set	4053
    71  0000                     _T0CON1bits	set	4054
    72  0000                     _LATBbits	set	3962
    73  0000                     _LATFbits	set	3966
    74  0000                     _LATAbits	set	3961
    75  0000                     _LATGbits	set	3967
    76  0000                     _TRISBbits	set	3970
    77  0000                     _TRISFbits	set	3974
    78  0000                     _TRISAbits	set	3969
    79  0000                     _TRISGbits	set	3975
    80  0000                     _TRISDbits	set	3972
    81  0000                     _TRISHbits	set	3976
    82  0000                     _LATDbits	set	3964
    83  0000                     _LATHbits	set	3968
    84                           
    85                           ; #config settings
    86                           
    87                           	psect	cinit
    88  00022C                     __pcinit:
    89                           	callstack 0
    90  00022C                     start_initialization:
    91                           	callstack 0
    92  00022C                     __initialization:
    93                           	callstack 0
    94                           
    95                           ; Clear objects allocated to COMRAM (4 bytes)
    96  00022C  6A0D               	clrf	(__pbssCOMRAM+3)& (0+255),c
    97  00022E  6A0C               	clrf	(__pbssCOMRAM+2)& (0+255),c
    98  000230  6A0B               	clrf	(__pbssCOMRAM+1)& (0+255),c
    99  000232  6A0A               	clrf	__pbssCOMRAM& (0+255),c
   100  000234                     end_of_initialization:
   101                           	callstack 0
   102  000234                     __end_of__initialization:
   103                           	callstack 0
   104  000234  900E               	bcf	int$flags,0,c	;clear compiler interrupt flag (level 1)
   105  000236  920E               	bcf	int$flags,1,c	;clear compiler interrupt flag (level 2)
   106  000238  0100               	movlb	0
   107  00023A  EFAA  F000         	goto	_main	;jump to C main() function
   108                           
   109                           	psect	bssCOMRAM
   110  00000A                     __pbssCOMRAM:
   111                           	callstack 0
   112  00000A                     _disp_val:
   113                           	callstack 0
   114  00000A                     	ds	2
   115  00000C                     _count:
   116                           	callstack 0
   117  00000C                     	ds	2
   118                           
   119                           	psect	cstackCOMRAM
   120  000001                     __pcstackCOMRAM:
   121                           	callstack 0
   122  000001                     ??_HighISR2:
   123                           
   124                           ; 1 bytes @ 0x0
   125  000001                     	ds	1
   126  000002                     ?_get16bitTMR0val:
   127                           	callstack 0
   128                           
   129                           ; 2 bytes @ 0x1
   130  000002                     	ds	2
   131  000004                     ??_get16bitTMR0val:
   132                           
   133                           ; 1 bytes @ 0x3
   134  000004                     	ds	2
   135  000006                     LEDarray_disp_bin@number:
   136                           	callstack 0
   137                           
   138                           ; 2 bytes @ 0x5
   139  000006                     	ds	2
   140  000008                     ??_LEDarray_disp_bin:
   141                           
   142                           ; 1 bytes @ 0x7
   143  000008                     	ds	2
   144  00000A                     
   145                           ; 1 bytes @ 0x9
   146 ;;
   147 ;;Main: autosize = 0, tempsize = 0, incstack = 0, save=0
   148 ;;
   149 ;; *************** function _main *****************
   150 ;; Defined at:
   151 ;;		line 26 in file "main.c"
   152 ;; Parameters:    Size  Location     Type
   153 ;;		None
   154 ;; Auto vars:     Size  Location     Type
   155 ;;		None
   156 ;; Return value:  Size  Location     Type
   157 ;;                  1    wreg      void 
   158 ;; Registers used:
   159 ;;		wreg, status,2, status,0, cstack
   160 ;; Tracked objects:
   161 ;;		On entry : 0/0
   162 ;;		On exit  : 0/0
   163 ;;		Unchanged: 0/0
   164 ;; Data sizes:     COMRAM   BANK0   BANK1   BANK2   BANK3   BANK4   BANK5   BANK6   BANK7   BANK8   BANK9  BANK10  BANK1
      +1  BANK12  BANK13
   165 ;;      Params:         0       0       0       0       0       0       0       0       0       0       0       0       
      +0       0       0
   166 ;;      Locals:         0       0       0       0       0       0       0       0       0       0       0       0       
      +0       0       0
   167 ;;      Temps:          0       0       0       0       0       0       0       0       0       0       0       0       
      +0       0       0
   168 ;;      Totals:         0       0       0       0       0       0       0       0       0       0       0       0       
      +0       0       0
   169 ;;Total ram usage:        0 bytes
   170 ;; Hardware stack levels required when called: 3
   171 ;; This function calls:
   172 ;;		_Comp1_init
   173 ;;		_DAC_init
   174 ;;		_Interrupts_init
   175 ;;		_LEDarray_disp_bin
   176 ;;		_LEDarray_init
   177 ;;		_Timer0_init
   178 ;;		_get16bitTMR0val
   179 ;; This function is called by:
   180 ;;		Startup code after reset
   181 ;; This function uses a non-reentrant model
   182 ;;
   183                           
   184                           	psect	text0
   185  000154                     __ptext0:
   186                           	callstack 0
   187  000154                     _main:
   188                           	callstack 28
   189  000154                     
   190                           ;main.c: 27:     count=0;
   191  000154  0E00               	movlw	0
   192  000156  6E0D               	movwf	(_count+1)^0,c
   193  000158  0E00               	movlw	0
   194  00015A  6E0C               	movwf	_count^0,c
   195  00015C                     
   196                           ;main.c: 28:     LEDarray_init();
   197  00015C  ECC8  F000         	call	_LEDarray_init	;wreg free
   198  000160                     
   199                           ;main.c: 29:     LATHbits.LATH3=0;
   200  000160  9680               	bcf	128,3,c	;volatile
   201  000162                     
   202                           ;main.c: 30:     LATDbits.LATD7=1;
   203  000162  8E7C               	bsf	124,7,c	;volatile
   204  000164                     
   205                           ;main.c: 31:     TRISHbits.TRISH3=0;
   206  000164  9688               	bcf	136,3,c	;volatile
   207  000166                     
   208                           ;main.c: 32:     TRISDbits.TRISD7=0;
   209  000166  9E84               	bcf	132,7,c	;volatile
   210  000168                     
   211                           ;main.c: 33:     Interrupts_init();
   212  000168  EC1F  F001         	call	_Interrupts_init	;wreg free
   213  00016C                     
   214                           ;main.c: 34:     DAC_init();
   215  00016C  EC0C  F001         	call	_DAC_init	;wreg free
   216  000170                     
   217                           ;main.c: 35:     Comp1_init();
   218  000170  ECDB  F000         	call	_Comp1_init	;wreg free
   219  000174                     
   220                           ;main.c: 36:     Timer0_init();
   221  000174  ECED  F000         	call	_Timer0_init	;wreg free
   222  000178                     l1010:
   223                           
   224                           ;main.c: 39:         LEDarray_disp_bin(get16bitTMR0val());
   225  000178  ECFD  F000         	call	_get16bitTMR0val	;wreg free
   226  00017C  C002  F006         	movff	?_get16bitTMR0val,LEDarray_disp_bin@number
   227  000180  C003  F007         	movff	?_get16bitTMR0val+1,LEDarray_disp_bin@number+1
   228  000184  EC3A  F000         	call	_LEDarray_disp_bin	;wreg free
   229  000188  EFBC  F000         	goto	l1010
   230  00018C  EF38  F000         	goto	start
   231  000190                     __end_of_main:
   232                           	callstack 0
   233                           
   234 ;; *************** function _get16bitTMR0val *****************
   235 ;; Defined at:
   236 ;;		line 26 in file "timers.c"
   237 ;; Parameters:    Size  Location     Type
   238 ;;		None
   239 ;; Auto vars:     Size  Location     Type
   240 ;;		None
   241 ;; Return value:  Size  Location     Type
   242 ;;                  2    1[COMRAM] unsigned int 
   243 ;; Registers used:
   244 ;;		wreg, status,2, status,0
   245 ;; Tracked objects:
   246 ;;		On entry : 0/0
   247 ;;		On exit  : 0/0
   248 ;;		Unchanged: 0/0
   249 ;; Data sizes:     COMRAM   BANK0   BANK1   BANK2   BANK3   BANK4   BANK5   BANK6   BANK7   BANK8   BANK9  BANK10  BANK1
      +1  BANK12  BANK13
   250 ;;      Params:         2       0       0       0       0       0       0       0       0       0       0       0       
      +0       0       0
   251 ;;      Locals:         0       0       0       0       0       0       0       0       0       0       0       0       
      +0       0       0
   252 ;;      Temps:          2       0       0       0       0       0       0       0       0       0       0       0       
      +0       0       0
   253 ;;      Totals:         4       0       0       0       0       0       0       0       0       0       0       0       
      +0       0       0
   254 ;;Total ram usage:        4 bytes
   255 ;; Hardware stack levels used: 1
   256 ;; Hardware stack levels required when called: 1
   257 ;; This function calls:
   258 ;;		Nothing
   259 ;; This function is called by:
   260 ;;		_main
   261 ;; This function uses a non-reentrant model
   262 ;;
   263                           
   264                           	psect	text1
   265  0001FA                     __ptext1:
   266                           	callstack 0
   267  0001FA                     _get16bitTMR0val:
   268                           	callstack 29
   269  0001FA                     
   270                           ;timers.c: 28:     disp_val = TMR0L;
   271  0001FA  CFD3 F00A          	movff	4051,_disp_val	;volatile
   272  0001FE  6A0B               	clrf	(_disp_val+1)^0,c
   273  000200                     
   274                           ;timers.c: 29:     disp_val |= TMR0H<<8;
   275  000200  50D4               	movf	212,w,c	;volatile
   276  000202  6E05               	movwf	(??_get16bitTMR0val+1)^0,c
   277  000204  6A04               	clrf	??_get16bitTMR0val^0,c
   278  000206  5004               	movf	??_get16bitTMR0val^0,w,c
   279  000208  120A               	iorwf	_disp_val^0,f,c
   280  00020A  5005               	movf	(??_get16bitTMR0val+1)^0,w,c
   281  00020C  120B               	iorwf	(_disp_val+1)^0,f,c
   282  00020E                     
   283                           ;timers.c: 31:     return disp_val;
   284  00020E  C00A  F002         	movff	_disp_val,?_get16bitTMR0val
   285  000212  C00B  F003         	movff	_disp_val+1,?_get16bitTMR0val+1
   286  000216  0012               	return		;funcret
   287  000218                     __end_of_get16bitTMR0val:
   288                           	callstack 0
   289                           
   290 ;; *************** function _Timer0_init *****************
   291 ;; Defined at:
   292 ;;		line 7 in file "timers.c"
   293 ;; Parameters:    Size  Location     Type
   294 ;;		None
   295 ;; Auto vars:     Size  Location     Type
   296 ;;		None
   297 ;; Return value:  Size  Location     Type
   298 ;;                  1    wreg      void 
   299 ;; Registers used:
   300 ;;		wreg, status,2
   301 ;; Tracked objects:
   302 ;;		On entry : 0/0
   303 ;;		On exit  : 0/0
   304 ;;		Unchanged: 0/0
   305 ;; Data sizes:     COMRAM   BANK0   BANK1   BANK2   BANK3   BANK4   BANK5   BANK6   BANK7   BANK8   BANK9  BANK10  BANK1
      +1  BANK12  BANK13
   306 ;;      Params:         0       0       0       0       0       0       0       0       0       0       0       0       
      +0       0       0
   307 ;;      Locals:         0       0       0       0       0       0       0       0       0       0       0       0       
      +0       0       0
   308 ;;      Temps:          0       0       0       0       0       0       0       0       0       0       0       0       
      +0       0       0
   309 ;;      Totals:         0       0       0       0       0       0       0       0       0       0       0       0       
      +0       0       0
   310 ;;Total ram usage:        0 bytes
   311 ;; Hardware stack levels used: 1
   312 ;; Hardware stack levels required when called: 1
   313 ;; This function calls:
   314 ;;		Nothing
   315 ;; This function is called by:
   316 ;;		_main
   317 ;; This function uses a non-reentrant model
   318 ;;
   319                           
   320                           	psect	text2
   321  0001DA                     __ptext2:
   322                           	callstack 0
   323  0001DA                     _Timer0_init:
   324                           	callstack 29
   325  0001DA                     
   326                           ;timers.c: 9:     T0CON1bits.T0CS=0b010;
   327  0001DA  50D6               	movf	214,w,c	;volatile
   328  0001DC  0B1F               	andlw	-225
   329  0001DE  0940               	iorlw	64
   330  0001E0  6ED6               	movwf	214,c	;volatile
   331  0001E2                     
   332                           ;timers.c: 10:     T0CON1bits.T0ASYNC=1;
   333  0001E2  88D6               	bsf	214,4,c	;volatile
   334                           
   335                           ;timers.c: 12:     T0CON1bits.T0CKPS=0b1000;
   336  0001E4  50D6               	movf	214,w,c	;volatile
   337  0001E6  0BF0               	andlw	-16
   338  0001E8  0908               	iorlw	8
   339  0001EA  6ED6               	movwf	214,c	;volatile
   340  0001EC                     
   341                           ;timers.c: 13:     T0CON0bits.T016BIT=1;
   342  0001EC  88D5               	bsf	213,4,c	;volatile
   343                           
   344                           ;timers.c: 16:     TMR0H=0;
   345  0001EE  0E00               	movlw	0
   346  0001F0  6ED4               	movwf	212,c	;volatile
   347                           
   348                           ;timers.c: 17:     TMR0L=0;
   349  0001F2  0E00               	movlw	0
   350  0001F4  6ED3               	movwf	211,c	;volatile
   351  0001F6                     
   352                           ;timers.c: 18:     T0CON0bits.T0EN=1;
   353  0001F6  8ED5               	bsf	213,7,c	;volatile
   354  0001F8  0012               	return		;funcret
   355  0001FA                     __end_of_Timer0_init:
   356                           	callstack 0
   357                           
   358 ;; *************** function _LEDarray_init *****************
   359 ;; Defined at:
   360 ;;		line 8 in file "LEDarray.c"
   361 ;; Parameters:    Size  Location     Type
   362 ;;		None
   363 ;; Auto vars:     Size  Location     Type
   364 ;;		None
   365 ;; Return value:  Size  Location     Type
   366 ;;                  1    wreg      void 
   367 ;; Registers used:
   368 ;;		None
   369 ;; Tracked objects:
   370 ;;		On entry : 0/0
   371 ;;		On exit  : 0/0
   372 ;;		Unchanged: 0/0
   373 ;; Data sizes:     COMRAM   BANK0   BANK1   BANK2   BANK3   BANK4   BANK5   BANK6   BANK7   BANK8   BANK9  BANK10  BANK1
      +1  BANK12  BANK13
   374 ;;      Params:         0       0       0       0       0       0       0       0       0       0       0       0       
      +0       0       0
   375 ;;      Locals:         0       0       0       0       0       0       0       0       0       0       0       0       
      +0       0       0
   376 ;;      Temps:          0       0       0       0       0       0       0       0       0       0       0       0       
      +0       0       0
   377 ;;      Totals:         0       0       0       0       0       0       0       0       0       0       0       0       
      +0       0       0
   378 ;;Total ram usage:        0 bytes
   379 ;; Hardware stack levels used: 1
   380 ;; Hardware stack levels required when called: 1
   381 ;; This function calls:
   382 ;;		Nothing
   383 ;; This function is called by:
   384 ;;		_main
   385 ;; This function uses a non-reentrant model
   386 ;;
   387                           
   388                           	psect	text3
   389  000190                     __ptext3:
   390                           	callstack 0
   391  000190                     _LEDarray_init:
   392                           	callstack 29
   393  000190                     
   394                           ;LEDarray.c: 10:     TRISGbits.TRISG0 = 0;
   395  000190  9087               	bcf	135,0,c	;volatile
   396                           
   397                           ;LEDarray.c: 11:     TRISGbits.TRISG1 = 0;
   398  000192  9287               	bcf	135,1,c	;volatile
   399                           
   400                           ;LEDarray.c: 12:     TRISAbits.TRISA2 = 0;
   401  000194  9481               	bcf	129,2,c	;volatile
   402                           
   403                           ;LEDarray.c: 13:     TRISFbits.TRISF6 = 0;
   404  000196  9C86               	bcf	134,6,c	;volatile
   405                           
   406                           ;LEDarray.c: 14:     TRISAbits.TRISA4 = 0;
   407  000198  9881               	bcf	129,4,c	;volatile
   408                           
   409                           ;LEDarray.c: 15:     TRISAbits.TRISA5 = 0;
   410  00019A  9A81               	bcf	129,5,c	;volatile
   411                           
   412                           ;LEDarray.c: 16:     TRISFbits.TRISF0 = 0;
   413  00019C  9086               	bcf	134,0,c	;volatile
   414                           
   415                           ;LEDarray.c: 17:     TRISBbits.TRISB0 = 0;
   416  00019E  9082               	bcf	130,0,c	;volatile
   417                           
   418                           ;LEDarray.c: 18:     TRISBbits.TRISB1 = 0;
   419  0001A0  9282               	bcf	130,1,c	;volatile
   420                           
   421                           ;LEDarray.c: 21:     LATGbits.LATG0 = 0;
   422  0001A2  907F               	bcf	127,0,c	;volatile
   423                           
   424                           ;LEDarray.c: 22:     LATGbits.LATG1 = 0;
   425  0001A4  927F               	bcf	127,1,c	;volatile
   426                           
   427                           ;LEDarray.c: 23:     LATAbits.LATA2 = 0;
   428  0001A6  9479               	bcf	121,2,c	;volatile
   429                           
   430                           ;LEDarray.c: 24:     LATFbits.LATF6 = 0;
   431  0001A8  9C7E               	bcf	126,6,c	;volatile
   432                           
   433                           ;LEDarray.c: 25:     LATAbits.LATA4 = 0;
   434  0001AA  9879               	bcf	121,4,c	;volatile
   435                           
   436                           ;LEDarray.c: 26:     LATAbits.LATA5 = 0;
   437  0001AC  9A79               	bcf	121,5,c	;volatile
   438                           
   439                           ;LEDarray.c: 27:     LATFbits.LATF0 = 0;
   440  0001AE  907E               	bcf	126,0,c	;volatile
   441                           
   442                           ;LEDarray.c: 28:     LATBbits.LATB0 = 0;
   443  0001B0  907A               	bcf	122,0,c	;volatile
   444                           
   445                           ;LEDarray.c: 29:     LATBbits.LATB1 = 0;
   446  0001B2  927A               	bcf	122,1,c	;volatile
   447  0001B4  0012               	return		;funcret
   448  0001B6                     __end_of_LEDarray_init:
   449                           	callstack 0
   450                           
   451 ;; *************** function _LEDarray_disp_bin *****************
   452 ;; Defined at:
   453 ;;		line 39 in file "LEDarray.c"
   454 ;; Parameters:    Size  Location     Type
   455 ;;  number          2    5[COMRAM] unsigned int 
   456 ;; Auto vars:     Size  Location     Type
   457 ;;		None
   458 ;; Return value:  Size  Location     Type
   459 ;;                  1    wreg      void 
   460 ;; Registers used:
   461 ;;		wreg
   462 ;; Tracked objects:
   463 ;;		On entry : 0/0
   464 ;;		On exit  : 0/0
   465 ;;		Unchanged: 0/0
   466 ;; Data sizes:     COMRAM   BANK0   BANK1   BANK2   BANK3   BANK4   BANK5   BANK6   BANK7   BANK8   BANK9  BANK10  BANK1
      +1  BANK12  BANK13
   467 ;;      Params:         2       0       0       0       0       0       0       0       0       0       0       0       
      +0       0       0
   468 ;;      Locals:         0       0       0       0       0       0       0       0       0       0       0       0       
      +0       0       0
   469 ;;      Temps:          2       0       0       0       0       0       0       0       0       0       0       0       
      +0       0       0
   470 ;;      Totals:         4       0       0       0       0       0       0       0       0       0       0       0       
      +0       0       0
   471 ;;Total ram usage:        4 bytes
   472 ;; Hardware stack levels used: 1
   473 ;; Hardware stack levels required when called: 1
   474 ;; This function calls:
   475 ;;		Nothing
   476 ;; This function is called by:
   477 ;;		_main
   478 ;;		_LEDarray_disp_dec
   479 ;;		_LEDarray_disp_PPM
   480 ;; This function uses a non-reentrant model
   481 ;;
   482                           
   483                           	psect	text4
   484  000074                     __ptext4:
   485                           	callstack 0
   486  000074                     _LEDarray_disp_bin:
   487                           	callstack 29
   488  000074                     
   489                           ;LEDarray.c: 39: void LEDarray_disp_bin(unsigned int number);LEDarray.c: 40: {;LEDarray.
      +                          c: 41:     if (number & 0b000000001) {LATGbits.LATG0 = 1;} else {LATGbits.LATG0 = 0;}
   490  000074  A006               	btfss	LEDarray_disp_bin@number^0,0,c
   491  000076  EF3F  F000         	goto	u211
   492  00007A  EF41  F000         	goto	u210
   493  00007E                     u211:
   494  00007E  EF44  F000         	goto	l58
   495  000082                     u210:
   496  000082  807F               	bsf	127,0,c	;volatile
   497  000084  EF45  F000         	goto	l59
   498  000088                     l58:
   499  000088  907F               	bcf	127,0,c	;volatile
   500  00008A                     l59:
   501                           
   502                           ;LEDarray.c: 42:     if (number & 0b000000010) {LATGbits.LATG1 = 1;} else {LATGbits.LATG
      +                          1 = 0;}
   503  00008A  A206               	btfss	LEDarray_disp_bin@number^0,1,c
   504  00008C  EF4A  F000         	goto	u221
   505  000090  EF4C  F000         	goto	u220
   506  000094                     u221:
   507  000094  EF4F  F000         	goto	l60
   508  000098                     u220:
   509  000098  827F               	bsf	127,1,c	;volatile
   510  00009A  EF50  F000         	goto	l61
   511  00009E                     l60:
   512  00009E  927F               	bcf	127,1,c	;volatile
   513  0000A0                     l61:
   514                           
   515                           ;LEDarray.c: 43:     if (number & 0b000000100) {LATAbits.LATA2 = 1;} else {LATAbits.LATA
      +                          2 = 0;}
   516  0000A0  A406               	btfss	LEDarray_disp_bin@number^0,2,c
   517  0000A2  EF55  F000         	goto	u231
   518  0000A6  EF57  F000         	goto	u230
   519  0000AA                     u231:
   520  0000AA  EF5A  F000         	goto	l62
   521  0000AE                     u230:
   522  0000AE  8479               	bsf	121,2,c	;volatile
   523  0000B0  EF5B  F000         	goto	l63
   524  0000B4                     l62:
   525  0000B4  9479               	bcf	121,2,c	;volatile
   526  0000B6                     l63:
   527                           
   528                           ;LEDarray.c: 44:     if (number & 0b000001000) {LATFbits.LATF6 = 1;} else {LATFbits.LATF
      +                          6 = 0;}
   529  0000B6  A606               	btfss	LEDarray_disp_bin@number^0,3,c
   530  0000B8  EF60  F000         	goto	u241
   531  0000BC  EF62  F000         	goto	u240
   532  0000C0                     u241:
   533  0000C0  EF65  F000         	goto	l64
   534  0000C4                     u240:
   535  0000C4  8C7E               	bsf	126,6,c	;volatile
   536  0000C6  EF66  F000         	goto	l65
   537  0000CA                     l64:
   538  0000CA  9C7E               	bcf	126,6,c	;volatile
   539  0000CC                     l65:
   540                           
   541                           ;LEDarray.c: 45:     if (number & 0b000010000) {LATAbits.LATA4 = 1;} else {LATAbits.LATA
      +                          4 = 0;}
   542  0000CC  A806               	btfss	LEDarray_disp_bin@number^0,4,c
   543  0000CE  EF6B  F000         	goto	u251
   544  0000D2  EF6D  F000         	goto	u250
   545  0000D6                     u251:
   546  0000D6  EF70  F000         	goto	l66
   547  0000DA                     u250:
   548  0000DA  8879               	bsf	121,4,c	;volatile
   549  0000DC  EF71  F000         	goto	l67
   550  0000E0                     l66:
   551  0000E0  9879               	bcf	121,4,c	;volatile
   552  0000E2                     l67:
   553                           
   554                           ;LEDarray.c: 46:     if (number & 0b000100000) {LATAbits.LATA5 = 1;} else {LATAbits.LATA
      +                          5 = 0;}
   555  0000E2  AA06               	btfss	LEDarray_disp_bin@number^0,5,c
   556  0000E4  EF76  F000         	goto	u261
   557  0000E8  EF78  F000         	goto	u260
   558  0000EC                     u261:
   559  0000EC  EF7B  F000         	goto	l68
   560  0000F0                     u260:
   561  0000F0  8A79               	bsf	121,5,c	;volatile
   562  0000F2  EF7C  F000         	goto	l69
   563  0000F6                     l68:
   564  0000F6  9A79               	bcf	121,5,c	;volatile
   565  0000F8                     l69:
   566                           
   567                           ;LEDarray.c: 47:     if (number & 0b001000000) {LATFbits.LATF0 = 1;} else {LATFbits.LATF
      +                          0 = 0;}
   568  0000F8  AC06               	btfss	LEDarray_disp_bin@number^0,6,c
   569  0000FA  EF81  F000         	goto	u271
   570  0000FE  EF83  F000         	goto	u270
   571  000102                     u271:
   572  000102  EF86  F000         	goto	l70
   573  000106                     u270:
   574  000106  807E               	bsf	126,0,c	;volatile
   575  000108  EF87  F000         	goto	l71
   576  00010C                     l70:
   577  00010C  907E               	bcf	126,0,c	;volatile
   578  00010E                     l71:
   579                           
   580                           ;LEDarray.c: 48:     if (number & 0b010000000) {LATBbits.LATB0 = 1;} else {LATBbits.LATB
      +                          0 = 0;}
   581  00010E  AE06               	btfss	LEDarray_disp_bin@number^0,7,c
   582  000110  EF8C  F000         	goto	u281
   583  000114  EF8E  F000         	goto	u280
   584  000118                     u281:
   585  000118  EF91  F000         	goto	l72
   586  00011C                     u280:
   587  00011C  807A               	bsf	122,0,c	;volatile
   588  00011E  EF92  F000         	goto	l73
   589  000122                     l72:
   590  000122  907A               	bcf	122,0,c	;volatile
   591  000124                     l73:
   592                           
   593                           ;LEDarray.c: 49:     if (number & 0b100000000) {LATBbits.LATB1 = 1;} else {LATBbits.LATB
      +                          1 = 0;}
   594  000124  A007               	btfss	(LEDarray_disp_bin@number+1)^0,0,c
   595  000126  EF97  F000         	goto	u291
   596  00012A  EF99  F000         	goto	u290
   597  00012E                     u291:
   598  00012E  EF9C  F000         	goto	l74
   599  000132                     u290:
   600  000132  827A               	bsf	122,1,c	;volatile
   601  000134  EF9D  F000         	goto	l988
   602  000138                     l74:
   603  000138  927A               	bcf	122,1,c	;volatile
   604  00013A                     l988:
   605                           
   606                           ;LEDarray.c: 51:     _delay((unsigned long)((50)*(64000000/4000.0)));
   607  00013A  0E05               	movlw	5
   608  00013C  6E09               	movwf	(??_LEDarray_disp_bin+1)^0,c
   609  00013E  0E0F               	movlw	15
   610  000140  6E08               	movwf	??_LEDarray_disp_bin^0,c
   611  000142  0EF1               	movlw	241
   612  000144                     u367:
   613  000144  2EE8               	decfsz	wreg,f,c
   614  000146  D7FE               	bra	u367
   615  000148  2E08               	decfsz	??_LEDarray_disp_bin^0,f,c
   616  00014A  D7FC               	bra	u367
   617  00014C  2E09               	decfsz	(??_LEDarray_disp_bin+1)^0,f,c
   618  00014E  D7FA               	bra	u367
   619  000150  F000               	nop	
   620  000152  0012               	return		;funcret
   621  000154                     __end_of_LEDarray_disp_bin:
   622                           	callstack 0
   623                           
   624 ;; *************** function _Interrupts_init *****************
   625 ;; Defined at:
   626 ;;		line 8 in file "interrupts.c"
   627 ;; Parameters:    Size  Location     Type
   628 ;;		None
   629 ;; Auto vars:     Size  Location     Type
   630 ;;		None
   631 ;; Return value:  Size  Location     Type
   632 ;;                  1    wreg      void 
   633 ;; Registers used:
   634 ;;		None
   635 ;; Tracked objects:
   636 ;;		On entry : 0/0
   637 ;;		On exit  : 0/0
   638 ;;		Unchanged: 0/0
   639 ;; Data sizes:     COMRAM   BANK0   BANK1   BANK2   BANK3   BANK4   BANK5   BANK6   BANK7   BANK8   BANK9  BANK10  BANK1
      +1  BANK12  BANK13
   640 ;;      Params:         0       0       0       0       0       0       0       0       0       0       0       0       
      +0       0       0
   641 ;;      Locals:         0       0       0       0       0       0       0       0       0       0       0       0       
      +0       0       0
   642 ;;      Temps:          0       0       0       0       0       0       0       0       0       0       0       0       
      +0       0       0
   643 ;;      Totals:         0       0       0       0       0       0       0       0       0       0       0       0       
      +0       0       0
   644 ;;Total ram usage:        0 bytes
   645 ;; Hardware stack levels used: 1
   646 ;; Hardware stack levels required when called: 1
   647 ;; This function calls:
   648 ;;		Nothing
   649 ;; This function is called by:
   650 ;;		_main
   651 ;; This function uses a non-reentrant model
   652 ;;
   653                           
   654                           	psect	text5
   655  00023E                     __ptext5:
   656                           	callstack 0
   657  00023E                     _Interrupts_init:
   658                           	callstack 29
   659  00023E                     
   660                           ;interrupts.c: 11:     PIE0bits.TMR0IE=1;
   661  00023E  010E               	movlb	14	; () banked
   662  000240  8B29               	bsf	41,5,b	;volatile
   663                           
   664                           ;interrupts.c: 12:     PIE2bits.C1IE=1;
   665  000242  812B               	bsf	43,0,b	;volatile
   666                           
   667                           ;interrupts.c: 13:     INTCONbits.PEIE=1;
   668  000244  8CF2               	bsf	242,6,c	;volatile
   669                           
   670                           ;interrupts.c: 14:     INTCONbits.GIE=1;
   671  000246  8EF2               	bsf	242,7,c	;volatile
   672  000248                     
   673                           ; BSR set to: 14
   674  000248  0012               	return		;funcret
   675  00024A                     __end_of_Interrupts_init:
   676                           	callstack 0
   677                           
   678 ;; *************** function _Comp1_init *****************
   679 ;; Defined at:
   680 ;;		line 22 in file "comparator.c"
   681 ;; Parameters:    Size  Location     Type
   682 ;;		None
   683 ;; Auto vars:     Size  Location     Type
   684 ;;		None
   685 ;; Return value:  Size  Location     Type
   686 ;;                  1    wreg      void 
   687 ;; Registers used:
   688 ;;		wreg, status,2, cstack
   689 ;; Tracked objects:
   690 ;;		On entry : 0/0
   691 ;;		On exit  : 0/0
   692 ;;		Unchanged: 0/0
   693 ;; Data sizes:     COMRAM   BANK0   BANK1   BANK2   BANK3   BANK4   BANK5   BANK6   BANK7   BANK8   BANK9  BANK10  BANK1
      +1  BANK12  BANK13
   694 ;;      Params:         0       0       0       0       0       0       0       0       0       0       0       0       
      +0       0       0
   695 ;;      Locals:         0       0       0       0       0       0       0       0       0       0       0       0       
      +0       0       0
   696 ;;      Temps:          0       0       0       0       0       0       0       0       0       0       0       0       
      +0       0       0
   697 ;;      Totals:         0       0       0       0       0       0       0       0       0       0       0       0       
      +0       0       0
   698 ;;Total ram usage:        0 bytes
   699 ;; Hardware stack levels used: 1
   700 ;; Hardware stack levels required when called: 2
   701 ;; This function calls:
   702 ;;		_DAC_init
   703 ;; This function is called by:
   704 ;;		_main
   705 ;; This function uses a non-reentrant model
   706 ;;
   707                           
   708                           	psect	text6
   709  0001B6                     __ptext6:
   710                           	callstack 0
   711  0001B6                     _Comp1_init:
   712                           	callstack 28
   713  0001B6                     
   714                           ;comparator.c: 24:     TRISFbits.TRISF7=1;
   715  0001B6  8E86               	bsf	134,7,c	;volatile
   716  0001B8                     
   717                           ;comparator.c: 25:     CM1NCHbits.NCH=0b011;
   718  0001B8  010E               	movlb	14	; () banked
   719  0001BA  51D2               	movf	210,w,b	;volatile
   720  0001BC  0BF8               	andlw	-8
   721  0001BE  0903               	iorlw	3
   722  0001C0  6FD2               	movwf	210,b	;volatile
   723                           
   724                           ;comparator.c: 26:     CM1PCHbits.PCH=0b101;
   725  0001C2  51D3               	movf	211,w,b	;volatile
   726  0001C4  0BF8               	andlw	-8
   727  0001C6  0905               	iorlw	5
   728  0001C8  6FD3               	movwf	211,b	;volatile
   729  0001CA                     
   730                           ; BSR set to: 14
   731                           ;comparator.c: 27:     CM1CON0bits.HYS=1;
   732  0001CA  83D0               	bsf	208,1,b	;volatile
   733  0001CC                     
   734                           ; BSR set to: 14
   735                           ;comparator.c: 28:     CM1CON0bits.POL=1;
   736  0001CC  89D0               	bsf	208,4,b	;volatile
   737  0001CE                     
   738                           ; BSR set to: 14
   739                           ;comparator.c: 29:     CM1CON1bits.INTP=1;
   740  0001CE  83D1               	bsf	209,1,b	;volatile
   741  0001D0                     
   742                           ; BSR set to: 14
   743                           ;comparator.c: 30:     DAC_init();
   744  0001D0  EC0C  F001         	call	_DAC_init	;wreg free
   745  0001D4                     
   746                           ;comparator.c: 31:     CM1CON0bits.EN=1;
   747  0001D4  010E               	movlb	14	; () banked
   748  0001D6  8FD0               	bsf	208,7,b	;volatile
   749  0001D8                     
   750                           ; BSR set to: 14
   751  0001D8  0012               	return		;funcret
   752  0001DA                     __end_of_Comp1_init:
   753                           	callstack 0
   754                           
   755 ;; *************** function _DAC_init *****************
   756 ;; Defined at:
   757 ;;		line 7 in file "comparator.c"
   758 ;; Parameters:    Size  Location     Type
   759 ;;		None
   760 ;; Auto vars:     Size  Location     Type
   761 ;;		None
   762 ;; Return value:  Size  Location     Type
   763 ;;                  1    wreg      void 
   764 ;; Registers used:
   765 ;;		wreg, status,2
   766 ;; Tracked objects:
   767 ;;		On entry : 0/0
   768 ;;		On exit  : 0/0
   769 ;;		Unchanged: 0/0
   770 ;; Data sizes:     COMRAM   BANK0   BANK1   BANK2   BANK3   BANK4   BANK5   BANK6   BANK7   BANK8   BANK9  BANK10  BANK1
      +1  BANK12  BANK13
   771 ;;      Params:         0       0       0       0       0       0       0       0       0       0       0       0       
      +0       0       0
   772 ;;      Locals:         0       0       0       0       0       0       0       0       0       0       0       0       
      +0       0       0
   773 ;;      Temps:          0       0       0       0       0       0       0       0       0       0       0       0       
      +0       0       0
   774 ;;      Totals:         0       0       0       0       0       0       0       0       0       0       0       0       
      +0       0       0
   775 ;;Total ram usage:        0 bytes
   776 ;; Hardware stack levels used: 1
   777 ;; Hardware stack levels required when called: 1
   778 ;; This function calls:
   779 ;;		Nothing
   780 ;; This function is called by:
   781 ;;		_main
   782 ;;		_Comp1_init
   783 ;; This function uses a non-reentrant model
   784 ;;
   785                           
   786                           	psect	text7
   787  000218                     __ptext7:
   788                           	callstack 0
   789  000218                     _DAC_init:
   790                           	callstack 29
   791  000218                     
   792                           ;comparator.c: 9:     DAC1CON0bits.PSS=0b00;
   793  000218  0EF3               	movlw	-13
   794  00021A  010E               	movlb	14	; () banked
   795  00021C  17C6               	andwf	198,f,b	;volatile
   796  00021E                     
   797                           ; BSR set to: 14
   798                           ;comparator.c: 10:     DAC1CON0bits.NSS=0b0;
   799  00021E  91C6               	bcf	198,0,b	;volatile
   800                           
   801                           ;comparator.c: 14:     DAC1CON1bits.DAC1R=0b10100;
   802  000220  51C7               	movf	199,w,b	;volatile
   803  000222  0BE0               	andlw	-32
   804  000224  0914               	iorlw	20
   805  000226  6FC7               	movwf	199,b	;volatile
   806  000228                     
   807                           ; BSR set to: 14
   808                           ;comparator.c: 15:     DAC1CON0bits.DAC1EN=1;
   809  000228  8FC6               	bsf	198,7,b	;volatile
   810  00022A                     
   811                           ; BSR set to: 14
   812  00022A  0012               	return		;funcret
   813  00022C                     __end_of_DAC_init:
   814                           	callstack 0
   815                           
   816 ;; *************** function _HighISR2 *****************
   817 ;; Defined at:
   818 ;;		line 36 in file "interrupts.c"
   819 ;; Parameters:    Size  Location     Type
   820 ;;		None
   821 ;; Auto vars:     Size  Location     Type
   822 ;;		None
   823 ;; Return value:  Size  Location     Type
   824 ;;                  1    wreg      void 
   825 ;; Registers used:
   826 ;;		wreg, status,2, status,0
   827 ;; Tracked objects:
   828 ;;		On entry : 0/0
   829 ;;		On exit  : 0/0
   830 ;;		Unchanged: 0/0
   831 ;; Data sizes:     COMRAM   BANK0   BANK1   BANK2   BANK3   BANK4   BANK5   BANK6   BANK7   BANK8   BANK9  BANK10  BANK1
      +1  BANK12  BANK13
   832 ;;      Params:         0       0       0       0       0       0       0       0       0       0       0       0       
      +0       0       0
   833 ;;      Locals:         0       0       0       0       0       0       0       0       0       0       0       0       
      +0       0       0
   834 ;;      Temps:          1       0       0       0       0       0       0       0       0       0       0       0       
      +0       0       0
   835 ;;      Totals:         1       0       0       0       0       0       0       0       0       0       0       0       
      +0       0       0
   836 ;;Total ram usage:        1 bytes
   837 ;; Hardware stack levels used: 1
   838 ;; This function calls:
   839 ;;		Nothing
   840 ;; This function is called by:
   841 ;;		Interrupt level 2
   842 ;; This function uses a non-reentrant model
   843 ;;
   844                           
   845                           	psect	intcode
   846  000008                     __pintcode:
   847                           	callstack 0
   848  000008                     _HighISR2:
   849                           	callstack 28
   850                           
   851                           ; BSR set to: 14
   852                           ;incstack = 0
   853  000008  820E               	bsf	int$flags,1,c	;set compiler interrupt flag (level 2)
   854  00000A                     
   855                           ;interrupts.c: 39:     if (PIR0bits.TMR0IF) {
   856  00000A  010E               	movlb	14	; () banked
   857  00000C  AB33               	btfss	51,5,b	;volatile
   858  00000E  EF0B  F000         	goto	i2u16_41
   859  000012  EF0D  F000         	goto	i2u16_40
   860  000016                     i2u16_41:
   861  000016  EF36  F000         	goto	i2l132
   862  00001A                     i2u16_40:
   863  00001A                     
   864                           ; BSR set to: 14
   865                           ;interrupts.c: 40:         LATHbits.LATH3=!LATHbits.LATH3;
   866  00001A  A680               	btfss	128,3,c	;volatile
   867  00001C  EF12  F000         	goto	i2u17_41
   868  000020  EF16  F000         	goto	i2u17_40
   869  000024                     i2u17_41:
   870  000024  6A01               	clrf	??_HighISR2^0,c
   871  000026  2A01               	incf	??_HighISR2^0,f,c
   872  000028  EF17  F000         	goto	i2u18_48
   873  00002C                     i2u17_40:
   874  00002C  6A01               	clrf	??_HighISR2^0,c
   875  00002E                     i2u18_48:
   876  00002E  4601               	rlncf	??_HighISR2^0,f,c
   877  000030  4601               	rlncf	??_HighISR2^0,f,c
   878  000032  4601               	rlncf	??_HighISR2^0,f,c
   879  000034  5080               	movf	128,w,c	;volatile
   880  000036  1801               	xorwf	??_HighISR2^0,w,c
   881  000038  0BF7               	andlw	-9
   882  00003A  1801               	xorwf	??_HighISR2^0,w,c
   883  00003C  6E80               	movwf	128,c	;volatile
   884                           
   885                           ;interrupts.c: 41:         LATDbits.LATD7=!LATDbits.LATD7;
   886  00003E  AE7C               	btfss	124,7,c	;volatile
   887  000040  EF24  F000         	goto	i2u19_41
   888  000044  EF28  F000         	goto	i2u19_40
   889  000048                     i2u19_41:
   890  000048  6A01               	clrf	??_HighISR2^0,c
   891  00004A  2A01               	incf	??_HighISR2^0,f,c
   892  00004C  EF29  F000         	goto	i2u20_48
   893  000050                     i2u19_40:
   894  000050  6A01               	clrf	??_HighISR2^0,c
   895  000052                     i2u20_48:
   896  000052  3201               	rrcf	??_HighISR2^0,f,c
   897  000054  3201               	rrcf	??_HighISR2^0,f,c
   898  000056  507C               	movf	124,w,c	;volatile
   899  000058  1801               	xorwf	??_HighISR2^0,w,c
   900  00005A  0B7F               	andlw	-129
   901  00005C  1801               	xorwf	??_HighISR2^0,w,c
   902  00005E  6E7C               	movwf	124,c	;volatile
   903  000060                     
   904                           ;interrupts.c: 42:         TMR0H = 0x1600;
   905  000060  0E00               	movlw	0
   906  000062  6ED4               	movwf	212,c	;volatile
   907  000064                     
   908                           ;interrupts.c: 43:         TMR0L = 129;
   909  000064  0E81               	movlw	129
   910  000066  6ED3               	movwf	211,c	;volatile
   911  000068                     
   912                           ;interrupts.c: 45:         PIR0bits.TMR0IF=0;
   913  000068  010E               	movlb	14	; () banked
   914  00006A  9B33               	bcf	51,5,b	;volatile
   915  00006C                     i2l132:
   916                           
   917                           ; BSR set to: 14
   918  00006C  920E               	bcf	int$flags,1,c	;clear compiler interrupt flag (level 2)
   919  00006E  0011               	retfie		f
   920  000070                     __end_of_HighISR2:
   921                           	callstack 0
   922  0000                     
   923                           	psect	rparam
   924  0000                     
   925                           	psect	temp
   926  00000E                     btemp:
   927                           	callstack 0
   928  00000E                     	ds	1
   929  0000                     int$flags	set	btemp
   930  0000                     wtemp8	set	btemp+1
   931  0000                     ttemp5	set	btemp+1
   932  0000                     ttemp6	set	btemp+4
   933  0000                     ttemp7	set	btemp+8
   934                           
   935                           	psect	idloc
   936                           
   937                           ;Config register IDLOC0 @ 0x200000
   938                           ;	unspecified, using default values
   939  200000                     	org	2097152
   940  200000  0FFF               	dw	4095
   941                           
   942                           ;Config register IDLOC1 @ 0x200002
   943                           ;	unspecified, using default values
   944  200002                     	org	2097154
   945  200002  0FFF               	dw	4095
   946                           
   947                           ;Config register IDLOC2 @ 0x200004
   948                           ;	unspecified, using default values
   949  200004                     	org	2097156
   950  200004  0FFF               	dw	4095
   951                           
   952                           ;Config register IDLOC3 @ 0x200006
   953                           ;	unspecified, using default values
   954  200006                     	org	2097158
   955  200006  0FFF               	dw	4095
   956                           
   957                           ;Config register IDLOC4 @ 0x200008
   958                           ;	unspecified, using default values
   959  200008                     	org	2097160
   960  200008  0FFF               	dw	4095
   961                           
   962                           ;Config register IDLOC5 @ 0x20000A
   963                           ;	unspecified, using default values
   964  20000A                     	org	2097162
   965  20000A  0FFF               	dw	4095
   966                           
   967                           ;Config register IDLOC6 @ 0x20000C
   968                           ;	unspecified, using default values
   969  20000C                     	org	2097164
   970  20000C  0FFF               	dw	4095
   971                           
   972                           ;Config register IDLOC7 @ 0x20000E
   973                           ;	unspecified, using default values
   974  20000E                     	org	2097166
   975  20000E  0FFF               	dw	4095
   976                           
   977                           	psect	config
   978                           
   979                           ;Config register CONFIG1L @ 0x300000
   980                           ;	External Oscillator mode Selection bits
   981                           ;	FEXTOSC = HS, HS (crystal oscillator) above 8 MHz; PFM set to high power
   982                           ;	Power-up default value for COSC bits
   983                           ;	RSTOSC = EXTOSC_4PLL, EXTOSC with 4x PLL, with EXTOSC operating per FEXTOSC bits
   984  300000                     	org	3145728
   985  300000  AA                 	db	170
   986                           
   987                           ;Config register CONFIG1H @ 0x300001
   988                           ;	unspecified, using default values
   989                           ;	Clock Out Enable bit
   990                           ;	CLKOUTEN = 0x1, unprogrammed default
   991                           ;	Clock Switch Enable bit
   992                           ;	CSWEN = 0x1, unprogrammed default
   993                           ;	Fail-Safe Clock Monitor Enable bit
   994                           ;	FCMEN = 0x1, unprogrammed default
   995  300001                     	org	3145729
   996  300001  FF                 	db	255
   997                           
   998                           ;Config register CONFIG2L @ 0x300002
   999                           ;	unspecified, using default values
  1000                           ;	Master Clear Enable bit
  1001                           ;	MCLRE = 0x1, unprogrammed default
  1002                           ;	Power-up Timer Enable bit
  1003                           ;	PWRTE = 0x1, unprogrammed default
  1004                           ;	Low-power BOR enable bit
  1005                           ;	LPBOREN = 0x1, unprogrammed default
  1006                           ;	Brown-out Reset Enable bits
  1007                           ;	BOREN = 0x3, unprogrammed default
  1008  300002                     	org	3145730
  1009  300002  FF                 	db	255
  1010                           
  1011                           ;Config register CONFIG2H @ 0x300003
  1012                           ;	unspecified, using default values
  1013                           ;	Brown Out Reset Voltage selection bits
  1014                           ;	BORV = 0x3, unprogrammed default
  1015                           ;	ZCD Disable bit
  1016                           ;	ZCD = 0x1, unprogrammed default
  1017                           ;	PPSLOCK bit One-Way Set Enable bit
  1018                           ;	PPS1WAY = 0x1, unprogrammed default
  1019                           ;	Stack Full/Underflow Reset Enable bit
  1020                           ;	STVREN = 0x1, unprogrammed default
  1021                           ;	Debugger Enable bit
  1022                           ;	DEBUG = 0x1, unprogrammed default
  1023                           ;	Extended Instruction Set Enable bit
  1024                           ;	XINST = 0x1, unprogrammed default
  1025  300003                     	org	3145731
  1026  300003  FF                 	db	255
  1027                           
  1028                           ;Config register CONFIG3L @ 0x300004
  1029                           ;	WDT Period Select bits
  1030                           ;	WDTCPS = 0x1F, unprogrammed default
  1031                           ;	WDT operating mode
  1032                           ;	WDTE = OFF, WDT Disabled
  1033  300004                     	org	3145732
  1034  300004  9F                 	db	159
  1035                           
  1036                           ;Config register CONFIG3H @ 0x300005
  1037                           ;	unspecified, using default values
  1038                           ;	WDT Window Select bits
  1039                           ;	WDTCWS = 0x7, unprogrammed default
  1040                           ;	WDT input clock selector
  1041                           ;	WDTCCS = 0x7, unprogrammed default
  1042  300005                     	org	3145733
  1043  300005  FF                 	db	255
  1044                           
  1045                           ;Config register CONFIG4L @ 0x300006
  1046                           ;	unspecified, using default values
  1047                           ;	Write Protection Block 0
  1048                           ;	WRT0 = 0x1, unprogrammed default
  1049                           ;	Write Protection Block 1
  1050                           ;	WRT1 = 0x1, unprogrammed default
  1051                           ;	Write Protection Block 2
  1052                           ;	WRT2 = 0x1, unprogrammed default
  1053                           ;	Write Protection Block 3
  1054                           ;	WRT3 = 0x1, unprogrammed default
  1055                           ;	Write Protection Block 3
  1056                           ;	WRT4 = 0x1, unprogrammed default
  1057                           ;	Write Protection Block 3
  1058                           ;	WRT5 = 0x1, unprogrammed default
  1059                           ;	Write Protection Block 3
  1060                           ;	WRT6 = 0x1, unprogrammed default
  1061                           ;	Write Protection Block 3
  1062                           ;	WRT7 = 0x1, unprogrammed default
  1063  300006                     	org	3145734
  1064  300006  FF                 	db	255
  1065                           
  1066                           ;Config register CONFIG4H @ 0x300007
  1067                           ;	unspecified, using default values
  1068                           ;	Configuration Register Write Protection bit
  1069                           ;	WRTC = 0x1, unprogrammed default
  1070                           ;	Boot Block Write Protection bit
  1071                           ;	WRTB = 0x1, unprogrammed default
  1072                           ;	Data EEPROM Write Protection bit
  1073                           ;	WRTD = 0x1, unprogrammed default
  1074                           ;	Scanner Enable bit
  1075                           ;	SCANE = 0x1, unprogrammed default
  1076                           ;	Low Voltage Programming Enable bit
  1077                           ;	LVP = 0x1, unprogrammed default
  1078  300007                     	org	3145735
  1079  300007  FF                 	db	255
  1080                           
  1081                           ;Config register CONFIG5L @ 0x300008
  1082                           ;	unspecified, using default values
  1083                           ;	UserNVM Program Memory Code Protection bit
  1084                           ;	CP = 0x1, unprogrammed default
  1085                           ;	DataNVM Memory Code Protection bit
  1086                           ;	CPD = 0x1, unprogrammed default
  1087  300008                     	org	3145736
  1088  300008  FF                 	db	255
  1089                           
  1090                           ;Config register CONFIG5H @ 0x300009
  1091                           ;	unspecified, using default values
  1092  300009                     	org	3145737
  1093  300009  FF                 	db	255
  1094                           
  1095                           ;Config register CONFIG6L @ 0x30000A
  1096                           ;	unspecified, using default values
  1097                           ;	Table Read Protection Block 0
  1098                           ;	EBTR0 = 0x1, unprogrammed default
  1099                           ;	Table Read Protection Block 1
  1100                           ;	EBTR1 = 0x1, unprogrammed default
  1101                           ;	Table Read Protection Block 2
  1102                           ;	EBTR2 = 0x1, unprogrammed default
  1103                           ;	Table Read Protection Block 3
  1104                           ;	EBTR3 = 0x1, unprogrammed default
  1105                           ;	Table Read Protection Block 4
  1106                           ;	EBTR4 = 0x1, unprogrammed default
  1107                           ;	Table Read Protection Block 5
  1108                           ;	EBTR5 = 0x1, unprogrammed default
  1109                           ;	Table Read Protection Block 6
  1110                           ;	EBTR6 = 0x1, unprogrammed default
  1111                           ;	Table Read Protection Block 7
  1112                           ;	EBTR7 = 0x1, unprogrammed default
  1113  30000A                     	org	3145738
  1114  30000A  FF                 	db	255
  1115                           
  1116                           ;Config register CONFIG6H @ 0x30000B
  1117                           ;	unspecified, using default values
  1118                           ;	Boot Block Table Read Protection bit
  1119                           ;	EBTRB = 0x1, unprogrammed default
  1120  30000B                     	org	3145739
  1121  30000B  FF                 	db	255
  1122                           tosu	equ	0xFFF
  1123                           tosh	equ	0xFFE
  1124                           tosl	equ	0xFFD
  1125                           stkptr	equ	0xFFC
  1126                           pclatu	equ	0xFFB
  1127                           pclath	equ	0xFFA
  1128                           pcl	equ	0xFF9
  1129                           tblptru	equ	0xFF8
  1130                           tblptrh	equ	0xFF7
  1131                           tblptrl	equ	0xFF6
  1132                           tablat	equ	0xFF5
  1133                           prodh	equ	0xFF4
  1134                           prodl	equ	0xFF3
  1135                           indf0	equ	0xFEF
  1136                           postinc0	equ	0xFEE
  1137                           postdec0	equ	0xFED
  1138                           preinc0	equ	0xFEC
  1139                           plusw0	equ	0xFEB
  1140                           fsr0h	equ	0xFEA
  1141                           fsr0l	equ	0xFE9
  1142                           wreg	equ	0xFE8
  1143                           indf1	equ	0xFE7
  1144                           postinc1	equ	0xFE6
  1145                           postdec1	equ	0xFE5
  1146                           preinc1	equ	0xFE4
  1147                           plusw1	equ	0xFE3
  1148                           fsr1h	equ	0xFE2
  1149                           fsr1l	equ	0xFE1
  1150                           bsr	equ	0xFE0
  1151                           indf2	equ	0xFDF
  1152                           postinc2	equ	0xFDE
  1153                           postdec2	equ	0xFDD
  1154                           preinc2	equ	0xFDC
  1155                           plusw2	equ	0xFDB
  1156                           fsr2h	equ	0xFDA
  1157                           fsr2l	equ	0xFD9
  1158                           status	equ	0xFD8

Data Sizes:
    Strings     0
    Constant    0
    Data        0
    BSS         4
    Persistent  0
    Stack       0

Auto Spaces:
    Space          Size  Autos    Used
    COMRAM           94      9      13
    BANK0           160      0       0
    BANK1           256      0       0
    BANK2           256      0       0
    BANK3           256      0       0
    BANK4           256      0       0
    BANK5           256      0       0
    BANK6           256      0       0
    BANK7           256      0       0
    BANK8           256      0       0
    BANK9           256      0       0
    BANK10          256      0       0
    BANK11          256      0       0
    BANK12          256      0       0
    BANK13          234      0       0

Pointer List with Targets:

    None.

Critical Paths under _main in COMRAM

    _main->_LEDarray_disp_bin
    _LEDarray_disp_bin->_get16bitTMR0val

Critical Paths under _HighISR2 in COMRAM

    None.

Critical Paths under _main in BANK0

    None.

Critical Paths under _HighISR2 in BANK0

    None.

Critical Paths under _main in BANK1

    None.

Critical Paths under _HighISR2 in BANK1

    None.

Critical Paths under _main in BANK2

    None.

Critical Paths under _HighISR2 in BANK2

    None.

Critical Paths under _main in BANK3

    None.

Critical Paths under _HighISR2 in BANK3

    None.

Critical Paths under _main in BANK4

    None.

Critical Paths under _HighISR2 in BANK4

    None.

Critical Paths under _main in BANK5

    None.

Critical Paths under _HighISR2 in BANK5

    None.

Critical Paths under _main in BANK6

    None.

Critical Paths under _HighISR2 in BANK6

    None.

Critical Paths under _main in BANK7

    None.

Critical Paths under _HighISR2 in BANK7

    None.

Critical Paths under _main in BANK8

    None.

Critical Paths under _HighISR2 in BANK8

    None.

Critical Paths under _main in BANK9

    None.

Critical Paths under _HighISR2 in BANK9

    None.

Critical Paths under _main in BANK10

    None.

Critical Paths under _HighISR2 in BANK10

    None.

Critical Paths under _main in BANK11

    None.

Critical Paths under _HighISR2 in BANK11

    None.

Critical Paths under _main in BANK12

    None.

Critical Paths under _HighISR2 in BANK12

    None.

Critical Paths under _main in BANK13

    None.

Critical Paths under _HighISR2 in BANK13

    None.

Call Graph Tables:

 ---------------------------------------------------------------------------------
 (Depth) Function   	        Calls       Base Space   Used Autos Params    Refs
 ---------------------------------------------------------------------------------
 (0) _main                                                 0     0      0     426
                         _Comp1_init
                           _DAC_init
                    _Interrupts_init
                  _LEDarray_disp_bin
                      _LEDarray_init
                        _Timer0_init
                    _get16bitTMR0val
 ---------------------------------------------------------------------------------
 (1) _get16bitTMR0val                                      4     2      2       0
                                              1 COMRAM     4     2      2
 ---------------------------------------------------------------------------------
 (1) _Timer0_init                                          0     0      0       0
 ---------------------------------------------------------------------------------
 (1) _LEDarray_init                                        0     0      0       0
 ---------------------------------------------------------------------------------
 (1) _LEDarray_disp_bin                                    4     2      2     426
                                              5 COMRAM     4     2      2
                    _get16bitTMR0val (ARG)
 ---------------------------------------------------------------------------------
 (1) _Interrupts_init                                      0     0      0       0
 ---------------------------------------------------------------------------------
 (1) _Comp1_init                                           0     0      0       0
                           _DAC_init
 ---------------------------------------------------------------------------------
 (1) _DAC_init                                             0     0      0       0
 ---------------------------------------------------------------------------------
 Estimated maximum stack depth 1
 ---------------------------------------------------------------------------------
 (Depth) Function   	        Calls       Base Space   Used Autos Params    Refs
 ---------------------------------------------------------------------------------
 (3) _HighISR2                                             1     1      0       0
                                              0 COMRAM     1     1      0
 ---------------------------------------------------------------------------------
 Estimated maximum stack depth 3
 ---------------------------------------------------------------------------------

 Call Graph Graphs:

 _main (ROOT)
   _Comp1_init
     _DAC_init
   _DAC_init
   _Interrupts_init
   _LEDarray_disp_bin
     _get16bitTMR0val (ARG)
   _LEDarray_init
   _Timer0_init
   _get16bitTMR0val

 _HighISR2 (ROOT)

 Address spaces:
Name               Size   Autos  Total    Cost      Usage
BIGRAM             DE9      0       0      33        0.0%
EEDATA             400      0       0       0        0.0%
BITBANK12          100      0       0      29        0.0%
BANK12             100      0       0      30        0.0%
BITBANK11          100      0       0      27        0.0%
BANK11             100      0       0      28        0.0%
BITBANK10          100      0       0      25        0.0%
BANK10             100      0       0      26        0.0%
BITBANK9           100      0       0      23        0.0%
BANK9              100      0       0      24        0.0%
BITBANK8           100      0       0      21        0.0%
BANK8              100      0       0      22        0.0%
BITBANK7           100      0       0      19        0.0%
BANK7              100      0       0      20        0.0%
BITBANK6           100      0       0      17        0.0%
BANK6              100      0       0      18        0.0%
BITBANK5           100      0       0      15        0.0%
BANK5              100      0       0      16        0.0%
BITBANK4           100      0       0      13        0.0%
BANK4              100      0       0      14        0.0%
BITBANK3           100      0       0      11        0.0%
BANK3              100      0       0      12        0.0%
BITBANK2           100      0       0       9        0.0%
BANK2              100      0       0      10        0.0%
BITBANK1           100      0       0       6        0.0%
BANK1              100      0       0       7        0.0%
BITBANK13           EA      0       0      31        0.0%
BANK13              EA      0       0      32        0.0%
BITBANK0            A0      0       0       4        0.0%
BANK0               A0      0       0       5        0.0%
BITCOMRAM           5E      0       0       0        0.0%
COMRAM              5E      9       D       1       13.8%
BITSFR_3             0      0       0     200        0.0%
SFR_3                0      0       0     200        0.0%
BITSFR_2             0      0       0     200        0.0%
SFR_2                0      0       0     200        0.0%
BITSFR_1             0      0       0     200        0.0%
SFR_1                0      0       0     200        0.0%
BITSFR               0      0       0     200        0.0%
SFR                  0      0       0     200        0.0%
STACK                0      0       0       2        0.0%
NULL                 0      0       0       0        0.0%
ABS                  0      0       D       8        0.0%
DATA                 0      0       D       3        0.0%
CODE                 0      0       0       0        0.0%


Microchip Technology PIC18 Macro Assembler V2.32 build 20210201212658 
Symbol Table                                                                                   Mon Nov 08 02:42:04 2021

                        l60 009E                          l61 00A0                          l70 010C  
                        l62 00B4                          l71 010E                          l63 00B6  
                        l55 01B4                          l72 0122                          l64 00CA  
                        l73 0124                          l65 00CC                          l74 0138  
                        l66 00E0                          l58 0088                          l67 00E2  
                        l59 008A                          l76 0152                          l68 00F6  
                        l69 00F8           ??_Interrupts_init 0002                         l102 01F8  
                       l107 0216                         l126 0248                         l152 01D8  
                       l149 022A                         l830 021E                         l832 0228  
                       l840 01B8                         l850 01D4                         l842 01CA  
                       l834 0190                         l828 0218                         l844 01CC  
                       l836 023E                         l852 01DA                         l846 01CE  
                       l838 01B6                         l854 01E2                         l848 01D0  
                       l856 01EC                         l960 01FA                         l970 0082  
                       l858 01F6                         l962 0200                         l980 00F0  
                       l972 0098                         l964 020E                         l982 0106  
                       l974 00AE                         l990 0154                         l984 011C  
                       l976 00C4                         l968 0074                         l992 015C  
                       l986 0132                         l978 00DA                         l994 0160  
                       l988 013A                         l996 0162                         l998 0164  
                       u210 0082                         u211 007E                         u220 0098  
                       u221 0094                         u230 00AE                         u231 00AA  
                       u240 00C4                         u241 00C0                         u250 00DA  
                       u251 00D6                         u260 00F0                         u261 00EC  
                       u270 0106                         u271 0102                         u280 011C  
                       u281 0118                         u290 0132                         u291 012E  
                       u367 0144                         wreg 000FE8                        l1000 0166  
                      l1010 0178                        l1002 0168                        l1004 016C  
                      l1006 0170                        l1008 0174                        _main 0154  
                      btemp 000E                        start 0070            __end_of_DAC_init 022C  
              ___param_bank 000000                  _Comp1_init 01B6                       ?_main 0001  
                     i2l132 006C                       i2l950 000A                       i2l952 001A  
                     i2l954 0060                       i2l956 0064                       i2l958 0068  
                     _TMR0H 000FD4                       _TMR0L 000FD3                       _count 000C  
                     ttemp5 000F                       ttemp6 0012                       ttemp7 0016  
                     wtemp8 000F            __end_of_HighISR2 0070             __initialization 022C  
              __end_of_main 0190             _get16bitTMR0val 01FA                      ??_main 000A  
             __activetblptr 000000      __size_of_LEDarray_init 0026           _LEDarray_disp_bin 0074  
        ?_LEDarray_disp_bin 0006               ??_Timer0_init 0002                 ?_Comp1_init 0001  
       ??_LEDarray_disp_bin 0008                      isa$std 000001                   ?_DAC_init 0001  
 __end_of_LEDarray_disp_bin 0154                  __accesstop 0060     __end_of__initialization 0234  
             ___rparam_used 000001               _LEDarray_init 0190             _Interrupts_init 023E  
            __pcstackCOMRAM 0001     __end_of_get16bitTMR0val 0218         __end_of_Timer0_init 01FA  
                 ?_HighISR2 0001                  ??_DAC_init 0002         __size_of_Comp1_init 0024  
            ?_LEDarray_init 0001                     i2u20_48 0052                  ??_HighISR2 0001  
                   i2u16_40 001A                     i2u16_41 0016                     i2u17_40 002C  
                   i2u17_41 0024                     i2u19_40 0050                     i2u18_48 002E  
                   i2u19_41 0048  __size_of_LEDarray_disp_bin 00E0     __end_of_Interrupts_init 024A  
                   __Hparam 0000                     __Lparam 0000                 _Timer0_init 01DA  
          ?_get16bitTMR0val 0002                     __pcinit 022C                     __ramtop 0E00  
                   __ptext0 0154                     __ptext1 01FA                     __ptext2 01DA  
                   __ptext3 0190                     __ptext4 0074                     __ptext5 023E  
                   __ptext6 01B6                     __ptext7 0218        end_of_initialization 0234  
           ??_LEDarray_init 0002                ??_Comp1_init 0002                   _TRISAbits 000F81  
                 _TRISBbits 000F82                   _TRISDbits 000F84                   _TRISFbits 000F86  
                 _TRISGbits 000F87                   _TRISHbits 000F88           __size_of_DAC_init 0014  
        __end_of_Comp1_init 01DA                 _CM1CON0bits 000ED0                 _CM1CON1bits 000ED1  
          ?_Interrupts_init 0001         start_initialization 022C           __size_of_HighISR2 0068  
               __pbssCOMRAM 000A                ?_Timer0_init 0001                   __pintcode 0008  
                  _DAC_init 0218                    _LATAbits 000F79                    _LATBbits 000F7A  
                  _LATDbits 000F7C                    _LATFbits 000F7E                    _LATGbits 000F7F  
                  _LATHbits 000F80                    _PIE0bits 000E29                    _PIE2bits 000E2B  
                  _PIR0bits 000E33    __size_of_get16bitTMR0val 001E                    _HighISR2 0008  
                _CM1NCHbits 000ED2                  _CM1PCHbits 000ED3       __end_of_LEDarray_init 01B6  
                  __Hrparam 0000                    __Lrparam 0000                  _ANSELFbits 000EB4  
                _T0CON0bits 000FD5                  _T0CON1bits 000FD6                    _disp_val 000A  
   LEDarray_disp_bin@number 0006               __size_of_main 003C                    isa$xinst 000000  
  __size_of_Interrupts_init 000C                    int$flags 000E        __size_of_Timer0_init 0020  
                _INTCONbits 000FF2           ??_get16bitTMR0val 0004                    intlevel2 0000  
              _DAC1CON0bits 000EC6                _DAC1CON1bits 000EC7  
