

Microchip MPLAB XC8 Assembler V2.32 build 20210201212658 
                                                                                               Mon Nov 08 14:50:21 2021

Microchip MPLAB XC8 C Compiler v2.32 (Free license) build 20210201212658 Og1 
     1                           	processor	18F67K40
     2                           	fnconf	rparam,??,?,0
     3                           	pagewidth 120
     4                           	opt	flic
     5                           	psect	cinit,global,reloc=2,class=CODE,delta=1
     6                           	psect	bssCOMRAM,global,class=COMRAM,space=1,delta=1,lowdata,noexec
     7                           	psect	cstackCOMRAM,global,class=COMRAM,space=1,delta=1,lowdata,noexec
     8                           	psect	text0,global,reloc=2,class=CODE,delta=1
     9                           	psect	text1,global,reloc=2,class=CODE,delta=1
    10                           	psect	text2,global,reloc=2,class=CODE,delta=1
    11                           	psect	text3,global,reloc=2,class=CODE,delta=1
    12                           	psect	text4,global,reloc=2,class=CODE,delta=1
    13                           	psect	text5,global,reloc=2,class=CODE,delta=1
    14                           	psect	text6,global,reloc=2,class=CODE,delta=1
    15                           	psect	intcode,global,reloc=2,class=CODE,delta=1
    16                           	psect	intsave_regs,global,class=BIGRAM,space=1,delta=1,noexec
    17                           	psect	rparam,global,class=COMRAM,space=1,delta=1,noexec
    18                           	psect	temp,global,ovrld,common,class=COMRAM,space=1,delta=1
    19                           	psect	idloc,global,abs,ovrld,class=IDLOC,space=5,delta=1,noexec
    20                           	psect	config,global,abs,ovrld,class=CONFIG,space=4,delta=1,noexec
    21  0000                     
    22                           ; Version 2.20
    23                           ; Generated 05/05/2020 GMT
    24                           ; 
    25                           ; Copyright © 2020, Microchip Technology Inc. and its subsidiaries ("Microchip")
    26                           ; All rights reserved.
    27                           ; 
    28                           ; This software is developed by Microchip Technology Inc. and its subsidiaries ("Microch
      +                          ip").
    29                           ; 
    30                           ; Redistribution and use in source and binary forms, with or without modification, are
    31                           ; permitted provided that the following conditions are met:
    32                           ; 
    33                           ;     1. Redistributions of source code must retain the above copyright notice, this lis
      +                          t of
    34                           ;        conditions and the following disclaimer.
    35                           ; 
    36                           ;     2. Redistributions in binary form must reproduce the above copyright notice, this 
      +                          list
    37                           ;        of conditions and the following disclaimer in the documentation and/or other
    38                           ;        materials provided with the distribution.
    39                           ; 
    40                           ;     3. Microchip's name may not be used to endorse or promote products derived from th
      +                          is
    41                           ;        software without specific prior written permission.
    42                           ; 
    43                           ; THIS SOFTWARE IS PROVIDED BY MICROCHIP "AS IS" AND ANY EXPRESS OR IMPLIED WARRANTIES,
    44                           ; INCLUDING, BUT NOT LIMITED TO, THE IMPLIED WARRANTIES OF MERCHANTABILITY AND FITNESS F
      +                          OR
    45                           ; PURPOSE ARE DISCLAIMED.  IN NO EVENT SHALL MICROCHIP BE LIABLE FOR ANY DIRECT, INDIREC
      +                          T,
    46                           ; INCIDENTAL, SPECIAL, EXEMPLARY, OR CONSEQUENTIAL DAMAGES (INCLUDING BUT NOT LIMITED TO
    47                           ; PROCUREMENT OF SUBSTITUTE GOODS OR SERVICES; LOSS OF USE, DATA OR PROFITS; OR BUSINESS
    48                           ; INTERRUPTION) HOWSOEVER CAUSED AND ON ANY THEORY OF LIABILITY, WHETHER IN CONTRACT, ST
      +                          RICT
    49                           ; LIABILITY, OR TORT (INCLUDING NEGLIGENCE OR OTHERWISE) ARISING IN ANY WAY OUT OF THE U
      +                          SE OF
    50                           ; THIS SOFTWARE, EVEN IF ADVISED OF THE POSSIBILITY OF SUCH DAMAGE.
    51                           ; 
    52                           ; 
    53                           ; Code-generator required, PIC18F67K40 Definitions
    54                           ; 
    55                           ; SFR Addresses
    56  0000                     _CM1CON1bits	set	3793
    57  0000                     _CM1CON0bits	set	3792
    58  0000                     _CM1PCHbits	set	3795
    59  0000                     _CM1NCHbits	set	3794
    60  0000                     _DAC1CON1bits	set	3783
    61  0000                     _DAC1CON0bits	set	3782
    62  0000                     _PIR0bits	set	3635
    63  0000                     _PIE2bits	set	3627
    64  0000                     _PIE0bits	set	3625
    65  0000                     _ANSELFbits	set	3764
    66  0000                     _INTCONbits	set	4082
    67  0000                     _TMR0L	set	4051
    68  0000                     _TMR0H	set	4052
    69  0000                     _T0CON0bits	set	4053
    70  0000                     _T0CON1bits	set	4054
    71  0000                     _LATBbits	set	3962
    72  0000                     _LATFbits	set	3966
    73  0000                     _LATAbits	set	3961
    74  0000                     _LATGbits	set	3967
    75  0000                     _TRISBbits	set	3970
    76  0000                     _TRISFbits	set	3974
    77  0000                     _TRISAbits	set	3969
    78  0000                     _TRISGbits	set	3975
    79  0000                     _TRISDbits	set	3972
    80  0000                     _TRISHbits	set	3976
    81  0000                     _LATDbits	set	3964
    82  0000                     _LATHbits	set	3968
    83                           
    84                           ; #config settings
    85                           
    86                           	psect	cinit
    87  000206                     __pcinit:
    88                           	callstack 0
    89  000206                     start_initialization:
    90                           	callstack 0
    91  000206                     __initialization:
    92                           	callstack 0
    93                           
    94                           ; Clear objects allocated to COMRAM (4 bytes)
    95  000206  6A09               	clrf	(__pbssCOMRAM+3)& (0+255),c
    96  000208  6A08               	clrf	(__pbssCOMRAM+2)& (0+255),c
    97  00020A  6A07               	clrf	(__pbssCOMRAM+1)& (0+255),c
    98  00020C  6A06               	clrf	__pbssCOMRAM& (0+255),c
    99  00020E                     end_of_initialization:
   100                           	callstack 0
   101  00020E                     __end_of__initialization:
   102                           	callstack 0
   103  00020E  900A               	bcf	int$flags,0,c	;clear compiler interrupt flag (level 1)
   104  000210  920A               	bcf	int$flags,1,c	;clear compiler interrupt flag (level 2)
   105  000212  0100               	movlb	0
   106  000214  EFAC  F000         	goto	_main	;jump to C main() function
   107                           
   108                           	psect	bssCOMRAM
   109  000006                     __pbssCOMRAM:
   110                           	callstack 0
   111  000006                     _disp_val:
   112                           	callstack 0
   113  000006                     	ds	2
   114  000008                     _count:
   115                           	callstack 0
   116  000008                     	ds	2
   117                           
   118                           	psect	cstackCOMRAM
   119  000001                     __pcstackCOMRAM:
   120                           	callstack 0
   121  000001                     ??_HighISR2:
   122                           
   123                           ; 1 bytes @ 0x0
   124  000001                     	ds	1
   125  000002                     LEDarray_disp_bin@number:
   126                           	callstack 0
   127                           
   128                           ; 2 bytes @ 0x1
   129  000002                     	ds	2
   130  000004                     ??_LEDarray_disp_bin:
   131                           
   132                           ; 1 bytes @ 0x3
   133  000004                     	ds	2
   134  000006                     
   135                           ; 1 bytes @ 0x5
   136 ;;
   137 ;;Main: autosize = 0, tempsize = 0, incstack = 0, save=0
   138 ;;
   139 ;; *************** function _main *****************
   140 ;; Defined at:
   141 ;;		line 26 in file "main.c"
   142 ;; Parameters:    Size  Location     Type
   143 ;;		None
   144 ;; Auto vars:     Size  Location     Type
   145 ;;		None
   146 ;; Return value:  Size  Location     Type
   147 ;;                  1    wreg      void 
   148 ;; Registers used:
   149 ;;		wreg, status,2, cstack
   150 ;; Tracked objects:
   151 ;;		On entry : 0/0
   152 ;;		On exit  : 0/0
   153 ;;		Unchanged: 0/0
   154 ;; Data sizes:     COMRAM   BANK0   BANK1   BANK2   BANK3   BANK4   BANK5   BANK6   BANK7   BANK8   BANK9  BANK10  BANK1
      +1  BANK12  BANK13
   155 ;;      Params:         0       0       0       0       0       0       0       0       0       0       0       0       
      +0       0       0
   156 ;;      Locals:         0       0       0       0       0       0       0       0       0       0       0       0       
      +0       0       0
   157 ;;      Temps:          0       0       0       0       0       0       0       0       0       0       0       0       
      +0       0       0
   158 ;;      Totals:         0       0       0       0       0       0       0       0       0       0       0       0       
      +0       0       0
   159 ;;Total ram usage:        0 bytes
   160 ;; Hardware stack levels required when called: 3
   161 ;; This function calls:
   162 ;;		_Comp1_init
   163 ;;		_DAC_init
   164 ;;		_Interrupts_init
   165 ;;		_LEDarray_disp_bin
   166 ;;		_LEDarray_init
   167 ;;		_Timer0_init
   168 ;; This function is called by:
   169 ;;		Startup code after reset
   170 ;; This function uses a non-reentrant model
   171 ;;
   172                           
   173                           	psect	text0
   174  000158                     __ptext0:
   175                           	callstack 0
   176  000158                     _main:
   177                           	callstack 28
   178  000158                     
   179                           ;main.c: 28:     LEDarray_init();
   180  000158  ECC4  F000         	call	_LEDarray_init	;wreg free
   181  00015C                     
   182                           ;main.c: 29:     LATHbits.LATH3=0;
   183  00015C  9680               	bcf	128,3,c	;volatile
   184  00015E                     
   185                           ;main.c: 30:     LATDbits.LATD7=1;
   186  00015E  8E7C               	bsf	124,7,c	;volatile
   187  000160                     
   188                           ;main.c: 31:     TRISHbits.TRISH3=0;
   189  000160  9688               	bcf	136,3,c	;volatile
   190  000162                     
   191                           ;main.c: 32:     TRISDbits.TRISD7=0;
   192  000162  9E84               	bcf	132,7,c	;volatile
   193                           
   194                           ;main.c: 33:     Interrupts_init();
   195  000164  EC0C  F001         	call	_Interrupts_init	;wreg free
   196  000168                     
   197                           ;main.c: 34:     DAC_init();
   198  000168  ECF9  F000         	call	_DAC_init	;wreg free
   199  00016C                     
   200                           ;main.c: 35:     Comp1_init();
   201  00016C  ECD7  F000         	call	_Comp1_init	;wreg free
   202  000170                     
   203                           ;main.c: 36:     Timer0_init();
   204  000170  ECE9  F000         	call	_Timer0_init	;wreg free
   205  000174                     l1026:
   206                           
   207                           ;main.c: 39:         LEDarray_disp_bin(count);
   208  000174  C008  F002         	movff	_count,LEDarray_disp_bin@number	;volatile
   209  000178  C009  F003         	movff	_count+1,LEDarray_disp_bin@number+1	;volatile
   210  00017C  EC3C  F000         	call	_LEDarray_disp_bin	;wreg free
   211  000180  EFBA  F000         	goto	l1026
   212  000184  EF3A  F000         	goto	start
   213  000188                     __end_of_main:
   214                           	callstack 0
   215                           
   216 ;; *************** function _Timer0_init *****************
   217 ;; Defined at:
   218 ;;		line 7 in file "timers.c"
   219 ;; Parameters:    Size  Location     Type
   220 ;;		None
   221 ;; Auto vars:     Size  Location     Type
   222 ;;		None
   223 ;; Return value:  Size  Location     Type
   224 ;;                  1    wreg      void 
   225 ;; Registers used:
   226 ;;		wreg, status,2
   227 ;; Tracked objects:
   228 ;;		On entry : 0/0
   229 ;;		On exit  : 0/0
   230 ;;		Unchanged: 0/0
   231 ;; Data sizes:     COMRAM   BANK0   BANK1   BANK2   BANK3   BANK4   BANK5   BANK6   BANK7   BANK8   BANK9  BANK10  BANK1
      +1  BANK12  BANK13
   232 ;;      Params:         0       0       0       0       0       0       0       0       0       0       0       0       
      +0       0       0
   233 ;;      Locals:         0       0       0       0       0       0       0       0       0       0       0       0       
      +0       0       0
   234 ;;      Temps:          0       0       0       0       0       0       0       0       0       0       0       0       
      +0       0       0
   235 ;;      Totals:         0       0       0       0       0       0       0       0       0       0       0       0       
      +0       0       0
   236 ;;Total ram usage:        0 bytes
   237 ;; Hardware stack levels used: 1
   238 ;; Hardware stack levels required when called: 1
   239 ;; This function calls:
   240 ;;		Nothing
   241 ;; This function is called by:
   242 ;;		_main
   243 ;; This function uses a non-reentrant model
   244 ;;
   245                           
   246                           	psect	text1
   247  0001D2                     __ptext1:
   248                           	callstack 0
   249  0001D2                     _Timer0_init:
   250                           	callstack 29
   251  0001D2                     
   252                           ;timers.c: 9:     T0CON1bits.T0CS=0b010;
   253  0001D2  50D6               	movf	214,w,c	;volatile
   254  0001D4  0B1F               	andlw	-225
   255  0001D6  0940               	iorlw	64
   256  0001D8  6ED6               	movwf	214,c	;volatile
   257  0001DA                     
   258                           ;timers.c: 10:     T0CON1bits.T0ASYNC=1;
   259  0001DA  88D6               	bsf	214,4,c	;volatile
   260                           
   261                           ;timers.c: 12:     T0CON1bits.T0CKPS=0b1000;
   262  0001DC  50D6               	movf	214,w,c	;volatile
   263  0001DE  0BF0               	andlw	-16
   264  0001E0  0908               	iorlw	8
   265  0001E2  6ED6               	movwf	214,c	;volatile
   266  0001E4                     
   267                           ;timers.c: 13:     T0CON0bits.T016BIT=1;
   268  0001E4  88D5               	bsf	213,4,c	;volatile
   269                           
   270                           ;timers.c: 16:     TMR0H=0;
   271  0001E6  0E00               	movlw	0
   272  0001E8  6ED4               	movwf	212,c	;volatile
   273                           
   274                           ;timers.c: 17:     TMR0L=0;
   275  0001EA  0E00               	movlw	0
   276  0001EC  6ED3               	movwf	211,c	;volatile
   277  0001EE                     
   278                           ;timers.c: 18:     T0CON0bits.T0EN=1;
   279  0001EE  8ED5               	bsf	213,7,c	;volatile
   280  0001F0  0012               	return		;funcret
   281  0001F2                     __end_of_Timer0_init:
   282                           	callstack 0
   283                           
   284 ;; *************** function _LEDarray_init *****************
   285 ;; Defined at:
   286 ;;		line 8 in file "LEDarray.c"
   287 ;; Parameters:    Size  Location     Type
   288 ;;		None
   289 ;; Auto vars:     Size  Location     Type
   290 ;;		None
   291 ;; Return value:  Size  Location     Type
   292 ;;                  1    wreg      void 
   293 ;; Registers used:
   294 ;;		None
   295 ;; Tracked objects:
   296 ;;		On entry : 0/0
   297 ;;		On exit  : 0/0
   298 ;;		Unchanged: 0/0
   299 ;; Data sizes:     COMRAM   BANK0   BANK1   BANK2   BANK3   BANK4   BANK5   BANK6   BANK7   BANK8   BANK9  BANK10  BANK1
      +1  BANK12  BANK13
   300 ;;      Params:         0       0       0       0       0       0       0       0       0       0       0       0       
      +0       0       0
   301 ;;      Locals:         0       0       0       0       0       0       0       0       0       0       0       0       
      +0       0       0
   302 ;;      Temps:          0       0       0       0       0       0       0       0       0       0       0       0       
      +0       0       0
   303 ;;      Totals:         0       0       0       0       0       0       0       0       0       0       0       0       
      +0       0       0
   304 ;;Total ram usage:        0 bytes
   305 ;; Hardware stack levels used: 1
   306 ;; Hardware stack levels required when called: 1
   307 ;; This function calls:
   308 ;;		Nothing
   309 ;; This function is called by:
   310 ;;		_main
   311 ;; This function uses a non-reentrant model
   312 ;;
   313                           
   314                           	psect	text2
   315  000188                     __ptext2:
   316                           	callstack 0
   317  000188                     _LEDarray_init:
   318                           	callstack 29
   319  000188                     
   320                           ;LEDarray.c: 10:     TRISGbits.TRISG0 = 0;
   321  000188  9087               	bcf	135,0,c	;volatile
   322                           
   323                           ;LEDarray.c: 11:     TRISGbits.TRISG1 = 0;
   324  00018A  9287               	bcf	135,1,c	;volatile
   325                           
   326                           ;LEDarray.c: 12:     TRISAbits.TRISA2 = 0;
   327  00018C  9481               	bcf	129,2,c	;volatile
   328                           
   329                           ;LEDarray.c: 13:     TRISFbits.TRISF6 = 0;
   330  00018E  9C86               	bcf	134,6,c	;volatile
   331                           
   332                           ;LEDarray.c: 14:     TRISAbits.TRISA4 = 0;
   333  000190  9881               	bcf	129,4,c	;volatile
   334                           
   335                           ;LEDarray.c: 15:     TRISAbits.TRISA5 = 0;
   336  000192  9A81               	bcf	129,5,c	;volatile
   337                           
   338                           ;LEDarray.c: 16:     TRISFbits.TRISF0 = 0;
   339  000194  9086               	bcf	134,0,c	;volatile
   340                           
   341                           ;LEDarray.c: 17:     TRISBbits.TRISB0 = 0;
   342  000196  9082               	bcf	130,0,c	;volatile
   343                           
   344                           ;LEDarray.c: 18:     TRISBbits.TRISB1 = 0;
   345  000198  9282               	bcf	130,1,c	;volatile
   346                           
   347                           ;LEDarray.c: 21:     LATGbits.LATG0 = 0;
   348  00019A  907F               	bcf	127,0,c	;volatile
   349                           
   350                           ;LEDarray.c: 22:     LATGbits.LATG1 = 0;
   351  00019C  927F               	bcf	127,1,c	;volatile
   352                           
   353                           ;LEDarray.c: 23:     LATAbits.LATA2 = 0;
   354  00019E  9479               	bcf	121,2,c	;volatile
   355                           
   356                           ;LEDarray.c: 24:     LATFbits.LATF6 = 0;
   357  0001A0  9C7E               	bcf	126,6,c	;volatile
   358                           
   359                           ;LEDarray.c: 25:     LATAbits.LATA4 = 0;
   360  0001A2  9879               	bcf	121,4,c	;volatile
   361                           
   362                           ;LEDarray.c: 26:     LATAbits.LATA5 = 0;
   363  0001A4  9A79               	bcf	121,5,c	;volatile
   364                           
   365                           ;LEDarray.c: 27:     LATFbits.LATF0 = 0;
   366  0001A6  907E               	bcf	126,0,c	;volatile
   367                           
   368                           ;LEDarray.c: 28:     LATBbits.LATB0 = 0;
   369  0001A8  907A               	bcf	122,0,c	;volatile
   370                           
   371                           ;LEDarray.c: 29:     LATBbits.LATB1 = 0;
   372  0001AA  927A               	bcf	122,1,c	;volatile
   373  0001AC  0012               	return		;funcret
   374  0001AE                     __end_of_LEDarray_init:
   375                           	callstack 0
   376                           
   377 ;; *************** function _LEDarray_disp_bin *****************
   378 ;; Defined at:
   379 ;;		line 39 in file "LEDarray.c"
   380 ;; Parameters:    Size  Location     Type
   381 ;;  number          2    1[COMRAM] unsigned int 
   382 ;; Auto vars:     Size  Location     Type
   383 ;;		None
   384 ;; Return value:  Size  Location     Type
   385 ;;                  1    wreg      void 
   386 ;; Registers used:
   387 ;;		wreg
   388 ;; Tracked objects:
   389 ;;		On entry : 0/0
   390 ;;		On exit  : 0/0
   391 ;;		Unchanged: 0/0
   392 ;; Data sizes:     COMRAM   BANK0   BANK1   BANK2   BANK3   BANK4   BANK5   BANK6   BANK7   BANK8   BANK9  BANK10  BANK1
      +1  BANK12  BANK13
   393 ;;      Params:         2       0       0       0       0       0       0       0       0       0       0       0       
      +0       0       0
   394 ;;      Locals:         0       0       0       0       0       0       0       0       0       0       0       0       
      +0       0       0
   395 ;;      Temps:          2       0       0       0       0       0       0       0       0       0       0       0       
      +0       0       0
   396 ;;      Totals:         4       0       0       0       0       0       0       0       0       0       0       0       
      +0       0       0
   397 ;;Total ram usage:        4 bytes
   398 ;; Hardware stack levels used: 1
   399 ;; Hardware stack levels required when called: 1
   400 ;; This function calls:
   401 ;;		Nothing
   402 ;; This function is called by:
   403 ;;		_main
   404 ;;		_LEDarray_disp_dec
   405 ;;		_LEDarray_disp_PPM
   406 ;; This function uses a non-reentrant model
   407 ;;
   408                           
   409                           	psect	text3
   410  000078                     __ptext3:
   411                           	callstack 0
   412  000078                     _LEDarray_disp_bin:
   413                           	callstack 29
   414  000078                     
   415                           ;LEDarray.c: 39: void LEDarray_disp_bin(unsigned int number);LEDarray.c: 40: {;LEDarray.
      +                          c: 41:     if (number & 0b000000001) {LATGbits.LATG0 = 1;} else {LATGbits.LATG0 = 0;}
   416  000078  A002               	btfss	LEDarray_disp_bin@number^0,0,c
   417  00007A  EF41  F000         	goto	u211
   418  00007E  EF43  F000         	goto	u210
   419  000082                     u211:
   420  000082  EF46  F000         	goto	l56
   421  000086                     u210:
   422  000086  807F               	bsf	127,0,c	;volatile
   423  000088  EF47  F000         	goto	l57
   424  00008C                     l56:
   425  00008C  907F               	bcf	127,0,c	;volatile
   426  00008E                     l57:
   427                           
   428                           ;LEDarray.c: 42:     if (number & 0b000000010) {LATGbits.LATG1 = 1;} else {LATGbits.LATG
      +                          1 = 0;}
   429  00008E  A202               	btfss	LEDarray_disp_bin@number^0,1,c
   430  000090  EF4C  F000         	goto	u221
   431  000094  EF4E  F000         	goto	u220
   432  000098                     u221:
   433  000098  EF51  F000         	goto	l58
   434  00009C                     u220:
   435  00009C  827F               	bsf	127,1,c	;volatile
   436  00009E  EF52  F000         	goto	l59
   437  0000A2                     l58:
   438  0000A2  927F               	bcf	127,1,c	;volatile
   439  0000A4                     l59:
   440                           
   441                           ;LEDarray.c: 43:     if (number & 0b000000100) {LATAbits.LATA2 = 1;} else {LATAbits.LATA
      +                          2 = 0;}
   442  0000A4  A402               	btfss	LEDarray_disp_bin@number^0,2,c
   443  0000A6  EF57  F000         	goto	u231
   444  0000AA  EF59  F000         	goto	u230
   445  0000AE                     u231:
   446  0000AE  EF5C  F000         	goto	l60
   447  0000B2                     u230:
   448  0000B2  8479               	bsf	121,2,c	;volatile
   449  0000B4  EF5D  F000         	goto	l61
   450  0000B8                     l60:
   451  0000B8  9479               	bcf	121,2,c	;volatile
   452  0000BA                     l61:
   453                           
   454                           ;LEDarray.c: 44:     if (number & 0b000001000) {LATFbits.LATF6 = 1;} else {LATFbits.LATF
      +                          6 = 0;}
   455  0000BA  A602               	btfss	LEDarray_disp_bin@number^0,3,c
   456  0000BC  EF62  F000         	goto	u241
   457  0000C0  EF64  F000         	goto	u240
   458  0000C4                     u241:
   459  0000C4  EF67  F000         	goto	l62
   460  0000C8                     u240:
   461  0000C8  8C7E               	bsf	126,6,c	;volatile
   462  0000CA  EF68  F000         	goto	l63
   463  0000CE                     l62:
   464  0000CE  9C7E               	bcf	126,6,c	;volatile
   465  0000D0                     l63:
   466                           
   467                           ;LEDarray.c: 45:     if (number & 0b000010000) {LATAbits.LATA4 = 1;} else {LATAbits.LATA
      +                          4 = 0;}
   468  0000D0  A802               	btfss	LEDarray_disp_bin@number^0,4,c
   469  0000D2  EF6D  F000         	goto	u251
   470  0000D6  EF6F  F000         	goto	u250
   471  0000DA                     u251:
   472  0000DA  EF72  F000         	goto	l64
   473  0000DE                     u250:
   474  0000DE  8879               	bsf	121,4,c	;volatile
   475  0000E0  EF73  F000         	goto	l65
   476  0000E4                     l64:
   477  0000E4  9879               	bcf	121,4,c	;volatile
   478  0000E6                     l65:
   479                           
   480                           ;LEDarray.c: 46:     if (number & 0b000100000) {LATAbits.LATA5 = 1;} else {LATAbits.LATA
      +                          5 = 0;}
   481  0000E6  AA02               	btfss	LEDarray_disp_bin@number^0,5,c
   482  0000E8  EF78  F000         	goto	u261
   483  0000EC  EF7A  F000         	goto	u260
   484  0000F0                     u261:
   485  0000F0  EF7D  F000         	goto	l66
   486  0000F4                     u260:
   487  0000F4  8A79               	bsf	121,5,c	;volatile
   488  0000F6  EF7E  F000         	goto	l67
   489  0000FA                     l66:
   490  0000FA  9A79               	bcf	121,5,c	;volatile
   491  0000FC                     l67:
   492                           
   493                           ;LEDarray.c: 47:     if (number & 0b001000000) {LATFbits.LATF0 = 1;} else {LATFbits.LATF
      +                          0 = 0;}
   494  0000FC  AC02               	btfss	LEDarray_disp_bin@number^0,6,c
   495  0000FE  EF83  F000         	goto	u271
   496  000102  EF85  F000         	goto	u270
   497  000106                     u271:
   498  000106  EF88  F000         	goto	l68
   499  00010A                     u270:
   500  00010A  807E               	bsf	126,0,c	;volatile
   501  00010C  EF89  F000         	goto	l69
   502  000110                     l68:
   503  000110  907E               	bcf	126,0,c	;volatile
   504  000112                     l69:
   505                           
   506                           ;LEDarray.c: 48:     if (number & 0b010000000) {LATBbits.LATB0 = 1;} else {LATBbits.LATB
      +                          0 = 0;}
   507  000112  AE02               	btfss	LEDarray_disp_bin@number^0,7,c
   508  000114  EF8E  F000         	goto	u281
   509  000118  EF90  F000         	goto	u280
   510  00011C                     u281:
   511  00011C  EF93  F000         	goto	l70
   512  000120                     u280:
   513  000120  807A               	bsf	122,0,c	;volatile
   514  000122  EF94  F000         	goto	l71
   515  000126                     l70:
   516  000126  907A               	bcf	122,0,c	;volatile
   517  000128                     l71:
   518                           
   519                           ;LEDarray.c: 49:     if (number & 0b100000000) {LATBbits.LATB1 = 1;} else {LATBbits.LATB
      +                          1 = 0;}
   520  000128  A003               	btfss	(LEDarray_disp_bin@number+1)^0,0,c
   521  00012A  EF99  F000         	goto	u291
   522  00012E  EF9B  F000         	goto	u290
   523  000132                     u291:
   524  000132  EF9E  F000         	goto	l72
   525  000136                     u290:
   526  000136  827A               	bsf	122,1,c	;volatile
   527  000138  EF9F  F000         	goto	l1008
   528  00013C                     l72:
   529  00013C  927A               	bcf	122,1,c	;volatile
   530  00013E                     l1008:
   531                           
   532                           ;LEDarray.c: 51:     _delay((unsigned long)((50)*(64000000/4000.0)));
   533  00013E  0E05               	movlw	5
   534  000140  6E05               	movwf	(??_LEDarray_disp_bin+1)^0,c
   535  000142  0E0F               	movlw	15
   536  000144  6E04               	movwf	??_LEDarray_disp_bin^0,c
   537  000146  0EF1               	movlw	241
   538  000148                     u417:
   539  000148  2EE8               	decfsz	wreg,f,c
   540  00014A  D7FE               	bra	u417
   541  00014C  2E04               	decfsz	??_LEDarray_disp_bin^0,f,c
   542  00014E  D7FC               	bra	u417
   543  000150  2E05               	decfsz	(??_LEDarray_disp_bin+1)^0,f,c
   544  000152  D7FA               	bra	u417
   545  000154  F000               	nop	
   546  000156  0012               	return		;funcret
   547  000158                     __end_of_LEDarray_disp_bin:
   548                           	callstack 0
   549                           
   550 ;; *************** function _Interrupts_init *****************
   551 ;; Defined at:
   552 ;;		line 8 in file "interrupts.c"
   553 ;; Parameters:    Size  Location     Type
   554 ;;		None
   555 ;; Auto vars:     Size  Location     Type
   556 ;;		None
   557 ;; Return value:  Size  Location     Type
   558 ;;                  1    wreg      void 
   559 ;; Registers used:
   560 ;;		None
   561 ;; Tracked objects:
   562 ;;		On entry : 0/0
   563 ;;		On exit  : 0/0
   564 ;;		Unchanged: 0/0
   565 ;; Data sizes:     COMRAM   BANK0   BANK1   BANK2   BANK3   BANK4   BANK5   BANK6   BANK7   BANK8   BANK9  BANK10  BANK1
      +1  BANK12  BANK13
   566 ;;      Params:         0       0       0       0       0       0       0       0       0       0       0       0       
      +0       0       0
   567 ;;      Locals:         0       0       0       0       0       0       0       0       0       0       0       0       
      +0       0       0
   568 ;;      Temps:          0       0       0       0       0       0       0       0       0       0       0       0       
      +0       0       0
   569 ;;      Totals:         0       0       0       0       0       0       0       0       0       0       0       0       
      +0       0       0
   570 ;;Total ram usage:        0 bytes
   571 ;; Hardware stack levels used: 1
   572 ;; Hardware stack levels required when called: 1
   573 ;; This function calls:
   574 ;;		Nothing
   575 ;; This function is called by:
   576 ;;		_main
   577 ;; This function uses a non-reentrant model
   578 ;;
   579                           
   580                           	psect	text4
   581  000218                     __ptext4:
   582                           	callstack 0
   583  000218                     _Interrupts_init:
   584                           	callstack 29
   585  000218                     
   586                           ;interrupts.c: 11:     PIE0bits.TMR0IE=1;
   587  000218  010E               	movlb	14	; () banked
   588  00021A  8B29               	bsf	41,5,b	;volatile
   589                           
   590                           ;interrupts.c: 12:     PIE2bits.C1IE=1;
   591  00021C  812B               	bsf	43,0,b	;volatile
   592                           
   593                           ;interrupts.c: 13:     INTCONbits.PEIE=1;
   594  00021E  8CF2               	bsf	242,6,c	;volatile
   595                           
   596                           ;interrupts.c: 14:     INTCONbits.GIE=1;
   597  000220  8EF2               	bsf	242,7,c	;volatile
   598  000222                     
   599                           ; BSR set to: 14
   600  000222  0012               	return		;funcret
   601  000224                     __end_of_Interrupts_init:
   602                           	callstack 0
   603                           
   604 ;; *************** function _Comp1_init *****************
   605 ;; Defined at:
   606 ;;		line 22 in file "comparator.c"
   607 ;; Parameters:    Size  Location     Type
   608 ;;		None
   609 ;; Auto vars:     Size  Location     Type
   610 ;;		None
   611 ;; Return value:  Size  Location     Type
   612 ;;                  1    wreg      void 
   613 ;; Registers used:
   614 ;;		wreg, status,2, cstack
   615 ;; Tracked objects:
   616 ;;		On entry : 0/0
   617 ;;		On exit  : 0/0
   618 ;;		Unchanged: 0/0
   619 ;; Data sizes:     COMRAM   BANK0   BANK1   BANK2   BANK3   BANK4   BANK5   BANK6   BANK7   BANK8   BANK9  BANK10  BANK1
      +1  BANK12  BANK13
   620 ;;      Params:         0       0       0       0       0       0       0       0       0       0       0       0       
      +0       0       0
   621 ;;      Locals:         0       0       0       0       0       0       0       0       0       0       0       0       
      +0       0       0
   622 ;;      Temps:          0       0       0       0       0       0       0       0       0       0       0       0       
      +0       0       0
   623 ;;      Totals:         0       0       0       0       0       0       0       0       0       0       0       0       
      +0       0       0
   624 ;;Total ram usage:        0 bytes
   625 ;; Hardware stack levels used: 1
   626 ;; Hardware stack levels required when called: 2
   627 ;; This function calls:
   628 ;;		_DAC_init
   629 ;; This function is called by:
   630 ;;		_main
   631 ;; This function uses a non-reentrant model
   632 ;;
   633                           
   634                           	psect	text5
   635  0001AE                     __ptext5:
   636                           	callstack 0
   637  0001AE                     _Comp1_init:
   638                           	callstack 28
   639  0001AE                     
   640                           ;comparator.c: 24:     TRISFbits.TRISF7=1;
   641  0001AE  8E86               	bsf	134,7,c	;volatile
   642  0001B0                     
   643                           ;comparator.c: 25:     CM1NCHbits.NCH=0b011;
   644  0001B0  010E               	movlb	14	; () banked
   645  0001B2  51D2               	movf	210,w,b	;volatile
   646  0001B4  0BF8               	andlw	-8
   647  0001B6  0903               	iorlw	3
   648  0001B8  6FD2               	movwf	210,b	;volatile
   649                           
   650                           ;comparator.c: 26:     CM1PCHbits.PCH=0b101;
   651  0001BA  51D3               	movf	211,w,b	;volatile
   652  0001BC  0BF8               	andlw	-8
   653  0001BE  0905               	iorlw	5
   654  0001C0  6FD3               	movwf	211,b	;volatile
   655  0001C2                     
   656                           ; BSR set to: 14
   657                           ;comparator.c: 27:     CM1CON0bits.HYS=1;
   658  0001C2  83D0               	bsf	208,1,b	;volatile
   659  0001C4                     
   660                           ; BSR set to: 14
   661                           ;comparator.c: 28:     CM1CON0bits.POL=1;
   662  0001C4  89D0               	bsf	208,4,b	;volatile
   663  0001C6                     
   664                           ; BSR set to: 14
   665                           ;comparator.c: 29:     CM1CON1bits.INTP=1;
   666  0001C6  83D1               	bsf	209,1,b	;volatile
   667  0001C8                     
   668                           ; BSR set to: 14
   669                           ;comparator.c: 30:     DAC_init();
   670  0001C8  ECF9  F000         	call	_DAC_init	;wreg free
   671  0001CC                     
   672                           ;comparator.c: 31:     CM1CON0bits.EN=1;
   673  0001CC  010E               	movlb	14	; () banked
   674  0001CE  8FD0               	bsf	208,7,b	;volatile
   675  0001D0                     
   676                           ; BSR set to: 14
   677  0001D0  0012               	return		;funcret
   678  0001D2                     __end_of_Comp1_init:
   679                           	callstack 0
   680                           
   681 ;; *************** function _DAC_init *****************
   682 ;; Defined at:
   683 ;;		line 7 in file "comparator.c"
   684 ;; Parameters:    Size  Location     Type
   685 ;;		None
   686 ;; Auto vars:     Size  Location     Type
   687 ;;		None
   688 ;; Return value:  Size  Location     Type
   689 ;;                  1    wreg      void 
   690 ;; Registers used:
   691 ;;		wreg, status,2
   692 ;; Tracked objects:
   693 ;;		On entry : 0/0
   694 ;;		On exit  : 0/0
   695 ;;		Unchanged: 0/0
   696 ;; Data sizes:     COMRAM   BANK0   BANK1   BANK2   BANK3   BANK4   BANK5   BANK6   BANK7   BANK8   BANK9  BANK10  BANK1
      +1  BANK12  BANK13
   697 ;;      Params:         0       0       0       0       0       0       0       0       0       0       0       0       
      +0       0       0
   698 ;;      Locals:         0       0       0       0       0       0       0       0       0       0       0       0       
      +0       0       0
   699 ;;      Temps:          0       0       0       0       0       0       0       0       0       0       0       0       
      +0       0       0
   700 ;;      Totals:         0       0       0       0       0       0       0       0       0       0       0       0       
      +0       0       0
   701 ;;Total ram usage:        0 bytes
   702 ;; Hardware stack levels used: 1
   703 ;; Hardware stack levels required when called: 1
   704 ;; This function calls:
   705 ;;		Nothing
   706 ;; This function is called by:
   707 ;;		_main
   708 ;;		_Comp1_init
   709 ;; This function uses a non-reentrant model
   710 ;;
   711                           
   712                           	psect	text6
   713  0001F2                     __ptext6:
   714                           	callstack 0
   715  0001F2                     _DAC_init:
   716                           	callstack 29
   717  0001F2                     
   718                           ;comparator.c: 9:     DAC1CON0bits.PSS=0b00;
   719  0001F2  0EF3               	movlw	-13
   720  0001F4  010E               	movlb	14	; () banked
   721  0001F6  17C6               	andwf	198,f,b	;volatile
   722  0001F8                     
   723                           ; BSR set to: 14
   724                           ;comparator.c: 10:     DAC1CON0bits.NSS=0b0;
   725  0001F8  91C6               	bcf	198,0,b	;volatile
   726                           
   727                           ;comparator.c: 14:     DAC1CON1bits.DAC1R=0b10100;
   728  0001FA  51C7               	movf	199,w,b	;volatile
   729  0001FC  0BE0               	andlw	-32
   730  0001FE  0914               	iorlw	20
   731  000200  6FC7               	movwf	199,b	;volatile
   732  000202                     
   733                           ; BSR set to: 14
   734                           ;comparator.c: 15:     DAC1CON0bits.DAC1EN=1;
   735  000202  8FC6               	bsf	198,7,b	;volatile
   736  000204                     
   737                           ; BSR set to: 14
   738  000204  0012               	return		;funcret
   739  000206                     __end_of_DAC_init:
   740                           	callstack 0
   741                           
   742 ;; *************** function _HighISR2 *****************
   743 ;; Defined at:
   744 ;;		line 36 in file "interrupts.c"
   745 ;; Parameters:    Size  Location     Type
   746 ;;		None
   747 ;; Auto vars:     Size  Location     Type
   748 ;;		None
   749 ;; Return value:  Size  Location     Type
   750 ;;                  1    wreg      void 
   751 ;; Registers used:
   752 ;;		wreg, status,2, status,0
   753 ;; Tracked objects:
   754 ;;		On entry : 0/0
   755 ;;		On exit  : 0/0
   756 ;;		Unchanged: 0/0
   757 ;; Data sizes:     COMRAM   BANK0   BANK1   BANK2   BANK3   BANK4   BANK5   BANK6   BANK7   BANK8   BANK9  BANK10  BANK1
      +1  BANK12  BANK13
   758 ;;      Params:         0       0       0       0       0       0       0       0       0       0       0       0       
      +0       0       0
   759 ;;      Locals:         0       0       0       0       0       0       0       0       0       0       0       0       
      +0       0       0
   760 ;;      Temps:          1       0       0       0       0       0       0       0       0       0       0       0       
      +0       0       0
   761 ;;      Totals:         1       0       0       0       0       0       0       0       0       0       0       0       
      +0       0       0
   762 ;;Total ram usage:        1 bytes
   763 ;; Hardware stack levels used: 1
   764 ;; This function calls:
   765 ;;		Nothing
   766 ;; This function is called by:
   767 ;;		Interrupt level 2
   768 ;; This function uses a non-reentrant model
   769 ;;
   770                           
   771                           	psect	intcode
   772  000008                     __pintcode:
   773                           	callstack 0
   774  000008                     _HighISR2:
   775                           	callstack 28
   776                           
   777                           ; BSR set to: 14
   778                           ;incstack = 0
   779  000008  820A               	bsf	int$flags,1,c	;set compiler interrupt flag (level 2)
   780  00000A                     
   781                           ;interrupts.c: 39:     if (PIR0bits.TMR0IF) {
   782  00000A  010E               	movlb	14	; () banked
   783  00000C  AB33               	btfss	51,5,b	;volatile
   784  00000E  EF0B  F000         	goto	i2u36_41
   785  000012  EF0D  F000         	goto	i2u36_40
   786  000016                     i2u36_41:
   787  000016  EF38  F000         	goto	i2l132
   788  00001A                     i2u36_40:
   789  00001A                     
   790                           ; BSR set to: 14
   791                           ;interrupts.c: 40:         LATHbits.LATH3=!LATHbits.LATH3;
   792  00001A  A680               	btfss	128,3,c	;volatile
   793  00001C  EF12  F000         	goto	i2u37_41
   794  000020  EF16  F000         	goto	i2u37_40
   795  000024                     i2u37_41:
   796  000024  6A01               	clrf	??_HighISR2^0,c
   797  000026  2A01               	incf	??_HighISR2^0,f,c
   798  000028  EF17  F000         	goto	i2u38_48
   799  00002C                     i2u37_40:
   800  00002C  6A01               	clrf	??_HighISR2^0,c
   801  00002E                     i2u38_48:
   802  00002E  4601               	rlncf	??_HighISR2^0,f,c
   803  000030  4601               	rlncf	??_HighISR2^0,f,c
   804  000032  4601               	rlncf	??_HighISR2^0,f,c
   805  000034  5080               	movf	128,w,c	;volatile
   806  000036  1801               	xorwf	??_HighISR2^0,w,c
   807  000038  0BF7               	andlw	-9
   808  00003A  1801               	xorwf	??_HighISR2^0,w,c
   809  00003C  6E80               	movwf	128,c	;volatile
   810                           
   811                           ;interrupts.c: 41:         LATDbits.LATD7=!LATDbits.LATD7;
   812  00003E  AE7C               	btfss	124,7,c	;volatile
   813  000040  EF24  F000         	goto	i2u39_41
   814  000044  EF28  F000         	goto	i2u39_40
   815  000048                     i2u39_41:
   816  000048  6A01               	clrf	??_HighISR2^0,c
   817  00004A  2A01               	incf	??_HighISR2^0,f,c
   818  00004C  EF29  F000         	goto	i2u40_48
   819  000050                     i2u39_40:
   820  000050  6A01               	clrf	??_HighISR2^0,c
   821  000052                     i2u40_48:
   822  000052  3201               	rrcf	??_HighISR2^0,f,c
   823  000054  3201               	rrcf	??_HighISR2^0,f,c
   824  000056  507C               	movf	124,w,c	;volatile
   825  000058  1801               	xorwf	??_HighISR2^0,w,c
   826  00005A  0B7F               	andlw	-129
   827  00005C  1801               	xorwf	??_HighISR2^0,w,c
   828  00005E  6E7C               	movwf	124,c	;volatile
   829  000060                     
   830                           ;interrupts.c: 42:         TMR0H = 0x1600;
   831  000060  0E00               	movlw	0
   832  000062  6ED4               	movwf	212,c	;volatile
   833  000064                     
   834                           ;interrupts.c: 43:         TMR0L = 129;
   835  000064  0E81               	movlw	129
   836  000066  6ED3               	movwf	211,c	;volatile
   837  000068                     
   838                           ;interrupts.c: 44:         count++;
   839  000068  4A08               	infsnz	_count^0,f,c	;volatile
   840  00006A  2A09               	incf	(_count+1)^0,f,c	;volatile
   841  00006C                     
   842                           ;interrupts.c: 45:         PIR0bits.TMR0IF=0;
   843  00006C  010E               	movlb	14	; () banked
   844  00006E  9B33               	bcf	51,5,b	;volatile
   845  000070                     i2l132:
   846                           
   847                           ; BSR set to: 14
   848  000070  920A               	bcf	int$flags,1,c	;clear compiler interrupt flag (level 2)
   849  000072  0011               	retfie		f
   850  000074                     __end_of_HighISR2:
   851                           	callstack 0
   852  0000                     
   853                           	psect	rparam
   854  0000                     
   855                           	psect	temp
   856  00000A                     btemp:
   857                           	callstack 0
   858  00000A                     	ds	1
   859  0000                     int$flags	set	btemp
   860  0000                     wtemp8	set	btemp+1
   861  0000                     ttemp5	set	btemp+1
   862  0000                     ttemp6	set	btemp+4
   863  0000                     ttemp7	set	btemp+8
   864                           
   865                           	psect	idloc
   866                           
   867                           ;Config register IDLOC0 @ 0x200000
   868                           ;	unspecified, using default values
   869  200000                     	org	2097152
   870  200000  0FFF               	dw	4095
   871                           
   872                           ;Config register IDLOC1 @ 0x200002
   873                           ;	unspecified, using default values
   874  200002                     	org	2097154
   875  200002  0FFF               	dw	4095
   876                           
   877                           ;Config register IDLOC2 @ 0x200004
   878                           ;	unspecified, using default values
   879  200004                     	org	2097156
   880  200004  0FFF               	dw	4095
   881                           
   882                           ;Config register IDLOC3 @ 0x200006
   883                           ;	unspecified, using default values
   884  200006                     	org	2097158
   885  200006  0FFF               	dw	4095
   886                           
   887                           ;Config register IDLOC4 @ 0x200008
   888                           ;	unspecified, using default values
   889  200008                     	org	2097160
   890  200008  0FFF               	dw	4095
   891                           
   892                           ;Config register IDLOC5 @ 0x20000A
   893                           ;	unspecified, using default values
   894  20000A                     	org	2097162
   895  20000A  0FFF               	dw	4095
   896                           
   897                           ;Config register IDLOC6 @ 0x20000C
   898                           ;	unspecified, using default values
   899  20000C                     	org	2097164
   900  20000C  0FFF               	dw	4095
   901                           
   902                           ;Config register IDLOC7 @ 0x20000E
   903                           ;	unspecified, using default values
   904  20000E                     	org	2097166
   905  20000E  0FFF               	dw	4095
   906                           
   907                           	psect	config
   908                           
   909                           ;Config register CONFIG1L @ 0x300000
   910                           ;	External Oscillator mode Selection bits
   911                           ;	FEXTOSC = HS, HS (crystal oscillator) above 8 MHz; PFM set to high power
   912                           ;	Power-up default value for COSC bits
   913                           ;	RSTOSC = EXTOSC_4PLL, EXTOSC with 4x PLL, with EXTOSC operating per FEXTOSC bits
   914  300000                     	org	3145728
   915  300000  AA                 	db	170
   916                           
   917                           ;Config register CONFIG1H @ 0x300001
   918                           ;	unspecified, using default values
   919                           ;	Clock Out Enable bit
   920                           ;	CLKOUTEN = 0x1, unprogrammed default
   921                           ;	Clock Switch Enable bit
   922                           ;	CSWEN = 0x1, unprogrammed default
   923                           ;	Fail-Safe Clock Monitor Enable bit
   924                           ;	FCMEN = 0x1, unprogrammed default
   925  300001                     	org	3145729
   926  300001  FF                 	db	255
   927                           
   928                           ;Config register CONFIG2L @ 0x300002
   929                           ;	unspecified, using default values
   930                           ;	Master Clear Enable bit
   931                           ;	MCLRE = 0x1, unprogrammed default
   932                           ;	Power-up Timer Enable bit
   933                           ;	PWRTE = 0x1, unprogrammed default
   934                           ;	Low-power BOR enable bit
   935                           ;	LPBOREN = 0x1, unprogrammed default
   936                           ;	Brown-out Reset Enable bits
   937                           ;	BOREN = 0x3, unprogrammed default
   938  300002                     	org	3145730
   939  300002  FF                 	db	255
   940                           
   941                           ;Config register CONFIG2H @ 0x300003
   942                           ;	unspecified, using default values
   943                           ;	Brown Out Reset Voltage selection bits
   944                           ;	BORV = 0x3, unprogrammed default
   945                           ;	ZCD Disable bit
   946                           ;	ZCD = 0x1, unprogrammed default
   947                           ;	PPSLOCK bit One-Way Set Enable bit
   948                           ;	PPS1WAY = 0x1, unprogrammed default
   949                           ;	Stack Full/Underflow Reset Enable bit
   950                           ;	STVREN = 0x1, unprogrammed default
   951                           ;	Debugger Enable bit
   952                           ;	DEBUG = 0x1, unprogrammed default
   953                           ;	Extended Instruction Set Enable bit
   954                           ;	XINST = 0x1, unprogrammed default
   955  300003                     	org	3145731
   956  300003  FF                 	db	255
   957                           
   958                           ;Config register CONFIG3L @ 0x300004
   959                           ;	WDT Period Select bits
   960                           ;	WDTCPS = 0x1F, unprogrammed default
   961                           ;	WDT operating mode
   962                           ;	WDTE = OFF, WDT Disabled
   963  300004                     	org	3145732
   964  300004  9F                 	db	159
   965                           
   966                           ;Config register CONFIG3H @ 0x300005
   967                           ;	unspecified, using default values
   968                           ;	WDT Window Select bits
   969                           ;	WDTCWS = 0x7, unprogrammed default
   970                           ;	WDT input clock selector
   971                           ;	WDTCCS = 0x7, unprogrammed default
   972  300005                     	org	3145733
   973  300005  FF                 	db	255
   974                           
   975                           ;Config register CONFIG4L @ 0x300006
   976                           ;	unspecified, using default values
   977                           ;	Write Protection Block 0
   978                           ;	WRT0 = 0x1, unprogrammed default
   979                           ;	Write Protection Block 1
   980                           ;	WRT1 = 0x1, unprogrammed default
   981                           ;	Write Protection Block 2
   982                           ;	WRT2 = 0x1, unprogrammed default
   983                           ;	Write Protection Block 3
   984                           ;	WRT3 = 0x1, unprogrammed default
   985                           ;	Write Protection Block 3
   986                           ;	WRT4 = 0x1, unprogrammed default
   987                           ;	Write Protection Block 3
   988                           ;	WRT5 = 0x1, unprogrammed default
   989                           ;	Write Protection Block 3
   990                           ;	WRT6 = 0x1, unprogrammed default
   991                           ;	Write Protection Block 3
   992                           ;	WRT7 = 0x1, unprogrammed default
   993  300006                     	org	3145734
   994  300006  FF                 	db	255
   995                           
   996                           ;Config register CONFIG4H @ 0x300007
   997                           ;	unspecified, using default values
   998                           ;	Configuration Register Write Protection bit
   999                           ;	WRTC = 0x1, unprogrammed default
  1000                           ;	Boot Block Write Protection bit
  1001                           ;	WRTB = 0x1, unprogrammed default
  1002                           ;	Data EEPROM Write Protection bit
  1003                           ;	WRTD = 0x1, unprogrammed default
  1004                           ;	Scanner Enable bit
  1005                           ;	SCANE = 0x1, unprogrammed default
  1006                           ;	Low Voltage Programming Enable bit
  1007                           ;	LVP = 0x1, unprogrammed default
  1008  300007                     	org	3145735
  1009  300007  FF                 	db	255
  1010                           
  1011                           ;Config register CONFIG5L @ 0x300008
  1012                           ;	unspecified, using default values
  1013                           ;	UserNVM Program Memory Code Protection bit
  1014                           ;	CP = 0x1, unprogrammed default
  1015                           ;	DataNVM Memory Code Protection bit
  1016                           ;	CPD = 0x1, unprogrammed default
  1017  300008                     	org	3145736
  1018  300008  FF                 	db	255
  1019                           
  1020                           ;Config register CONFIG5H @ 0x300009
  1021                           ;	unspecified, using default values
  1022  300009                     	org	3145737
  1023  300009  FF                 	db	255
  1024                           
  1025                           ;Config register CONFIG6L @ 0x30000A
  1026                           ;	unspecified, using default values
  1027                           ;	Table Read Protection Block 0
  1028                           ;	EBTR0 = 0x1, unprogrammed default
  1029                           ;	Table Read Protection Block 1
  1030                           ;	EBTR1 = 0x1, unprogrammed default
  1031                           ;	Table Read Protection Block 2
  1032                           ;	EBTR2 = 0x1, unprogrammed default
  1033                           ;	Table Read Protection Block 3
  1034                           ;	EBTR3 = 0x1, unprogrammed default
  1035                           ;	Table Read Protection Block 4
  1036                           ;	EBTR4 = 0x1, unprogrammed default
  1037                           ;	Table Read Protection Block 5
  1038                           ;	EBTR5 = 0x1, unprogrammed default
  1039                           ;	Table Read Protection Block 6
  1040                           ;	EBTR6 = 0x1, unprogrammed default
  1041                           ;	Table Read Protection Block 7
  1042                           ;	EBTR7 = 0x1, unprogrammed default
  1043  30000A                     	org	3145738
  1044  30000A  FF                 	db	255
  1045                           
  1046                           ;Config register CONFIG6H @ 0x30000B
  1047                           ;	unspecified, using default values
  1048                           ;	Boot Block Table Read Protection bit
  1049                           ;	EBTRB = 0x1, unprogrammed default
  1050  30000B                     	org	3145739
  1051  30000B  FF                 	db	255
  1052                           tosu	equ	0xFFF
  1053                           tosh	equ	0xFFE
  1054                           tosl	equ	0xFFD
  1055                           stkptr	equ	0xFFC
  1056                           pclatu	equ	0xFFB
  1057                           pclath	equ	0xFFA
  1058                           pcl	equ	0xFF9
  1059                           tblptru	equ	0xFF8
  1060                           tblptrh	equ	0xFF7
  1061                           tblptrl	equ	0xFF6
  1062                           tablat	equ	0xFF5
  1063                           prodh	equ	0xFF4
  1064                           prodl	equ	0xFF3
  1065                           indf0	equ	0xFEF
  1066                           postinc0	equ	0xFEE
  1067                           postdec0	equ	0xFED
  1068                           preinc0	equ	0xFEC
  1069                           plusw0	equ	0xFEB
  1070                           fsr0h	equ	0xFEA
  1071                           fsr0l	equ	0xFE9
  1072                           wreg	equ	0xFE8
  1073                           indf1	equ	0xFE7
  1074                           postinc1	equ	0xFE6
  1075                           postdec1	equ	0xFE5
  1076                           preinc1	equ	0xFE4
  1077                           plusw1	equ	0xFE3
  1078                           fsr1h	equ	0xFE2
  1079                           fsr1l	equ	0xFE1
  1080                           bsr	equ	0xFE0
  1081                           indf2	equ	0xFDF
  1082                           postinc2	equ	0xFDE
  1083                           postdec2	equ	0xFDD
  1084                           preinc2	equ	0xFDC
  1085                           plusw2	equ	0xFDB
  1086                           fsr2h	equ	0xFDA
  1087                           fsr2l	equ	0xFD9
  1088                           status	equ	0xFD8

Data Sizes:
    Strings     0
    Constant    0
    Data        0
    BSS         4
    Persistent  0
    Stack       0

Auto Spaces:
    Space          Size  Autos    Used
    COMRAM           94      5       9
    BANK0           160      0       0
    BANK1           256      0       0
    BANK2           256      0       0
    BANK3           256      0       0
    BANK4           256      0       0
    BANK5           256      0       0
    BANK6           256      0       0
    BANK7           256      0       0
    BANK8           256      0       0
    BANK9           256      0       0
    BANK10          256      0       0
    BANK11          256      0       0
    BANK12          256      0       0
    BANK13          234      0       0

Pointer List with Targets:

    None.

Critical Paths under _main in COMRAM

    _main->_LEDarray_disp_bin

Critical Paths under _HighISR2 in COMRAM

    None.

Critical Paths under _main in BANK0

    None.

Critical Paths under _HighISR2 in BANK0

    None.

Critical Paths under _main in BANK1

    None.

Critical Paths under _HighISR2 in BANK1

    None.

Critical Paths under _main in BANK2

    None.

Critical Paths under _HighISR2 in BANK2

    None.

Critical Paths under _main in BANK3

    None.

Critical Paths under _HighISR2 in BANK3

    None.

Critical Paths under _main in BANK4

    None.

Critical Paths under _HighISR2 in BANK4

    None.

Critical Paths under _main in BANK5

    None.

Critical Paths under _HighISR2 in BANK5

    None.

Critical Paths under _main in BANK6

    None.

Critical Paths under _HighISR2 in BANK6

    None.

Critical Paths under _main in BANK7

    None.

Critical Paths under _HighISR2 in BANK7

    None.

Critical Paths under _main in BANK8

    None.

Critical Paths under _HighISR2 in BANK8

    None.

Critical Paths under _main in BANK9

    None.

Critical Paths under _HighISR2 in BANK9

    None.

Critical Paths under _main in BANK10

    None.

Critical Paths under _HighISR2 in BANK10

    None.

Critical Paths under _main in BANK11

    None.

Critical Paths under _HighISR2 in BANK11

    None.

Critical Paths under _main in BANK12

    None.

Critical Paths under _HighISR2 in BANK12

    None.

Critical Paths under _main in BANK13

    None.

Critical Paths under _HighISR2 in BANK13

    None.

Call Graph Tables:

 ---------------------------------------------------------------------------------
 (Depth) Function   	        Calls       Base Space   Used Autos Params    Refs
 ---------------------------------------------------------------------------------
 (0) _main                                                 0     0      0     426
                         _Comp1_init
                           _DAC_init
                    _Interrupts_init
                  _LEDarray_disp_bin
                      _LEDarray_init
                        _Timer0_init
 ---------------------------------------------------------------------------------
 (1) _Timer0_init                                          0     0      0       0
 ---------------------------------------------------------------------------------
 (1) _LEDarray_init                                        0     0      0       0
 ---------------------------------------------------------------------------------
 (1) _LEDarray_disp_bin                                    4     2      2     426
                                              1 COMRAM     4     2      2
 ---------------------------------------------------------------------------------
 (1) _Interrupts_init                                      0     0      0       0
 ---------------------------------------------------------------------------------
 (1) _Comp1_init                                           0     0      0       0
                           _DAC_init
 ---------------------------------------------------------------------------------
 (1) _DAC_init                                             0     0      0       0
 ---------------------------------------------------------------------------------
 Estimated maximum stack depth 1
 ---------------------------------------------------------------------------------
 (Depth) Function   	        Calls       Base Space   Used Autos Params    Refs
 ---------------------------------------------------------------------------------
 (3) _HighISR2                                             1     1      0       0
                                              0 COMRAM     1     1      0
 ---------------------------------------------------------------------------------
 Estimated maximum stack depth 3
 ---------------------------------------------------------------------------------

 Call Graph Graphs:

 _main (ROOT)
   _Comp1_init
     _DAC_init
   _DAC_init
   _Interrupts_init
   _LEDarray_disp_bin
   _LEDarray_init
   _Timer0_init

 _HighISR2 (ROOT)

 Address spaces:
Name               Size   Autos  Total    Cost      Usage
BIGRAM             DE9      0       0      33        0.0%
EEDATA             400      0       0       0        0.0%
BITBANK12          100      0       0      29        0.0%
BANK12             100      0       0      30        0.0%
BITBANK11          100      0       0      27        0.0%
BANK11             100      0       0      28        0.0%
BITBANK10          100      0       0      25        0.0%
BANK10             100      0       0      26        0.0%
BITBANK9           100      0       0      23        0.0%
BANK9              100      0       0      24        0.0%
BITBANK8           100      0       0      21        0.0%
BANK8              100      0       0      22        0.0%
BITBANK7           100      0       0      19        0.0%
BANK7              100      0       0      20        0.0%
BITBANK6           100      0       0      17        0.0%
BANK6              100      0       0      18        0.0%
BITBANK5           100      0       0      15        0.0%
BANK5              100      0       0      16        0.0%
BITBANK4           100      0       0      13        0.0%
BANK4              100      0       0      14        0.0%
BITBANK3           100      0       0      11        0.0%
BANK3              100      0       0      12        0.0%
BITBANK2           100      0       0       9        0.0%
BANK2              100      0       0      10        0.0%
BITBANK1           100      0       0       6        0.0%
BANK1              100      0       0       7        0.0%
BITBANK13           EA      0       0      31        0.0%
BANK13              EA      0       0      32        0.0%
BITBANK0            A0      0       0       4        0.0%
BANK0               A0      0       0       5        0.0%
BITCOMRAM           5E      0       0       0        0.0%
COMRAM              5E      5       9       1        9.6%
BITSFR_3             0      0       0     200        0.0%
SFR_3                0      0       0     200        0.0%
BITSFR_2             0      0       0     200        0.0%
SFR_2                0      0       0     200        0.0%
BITSFR_1             0      0       0     200        0.0%
SFR_1                0      0       0     200        0.0%
BITSFR               0      0       0     200        0.0%
SFR                  0      0       0     200        0.0%
STACK                0      0       0       2        0.0%
NULL                 0      0       0       0        0.0%
ABS                  0      0       9       8        0.0%
DATA                 0      0       9       3        0.0%
CODE                 0      0       0       0        0.0%


Microchip Technology PIC18 Macro Assembler V2.32 build 20210201212658 
Symbol Table                                                                                   Mon Nov 08 14:50:21 2021

                        l60 00B8                          l61 00BA                          l53 01AC  
                        l70 0126                          l62 00CE                          l71 0128  
                        l63 00D0                          l72 013C                          l64 00E4  
                        l56 008C                          l65 00E6                          l57 008E  
                        l74 0156                          l66 00FA                          l58 00A2  
                        l67 00FC                          l59 00A4                          l68 0110  
                        l69 0112           ??_Interrupts_init 0002                         l100 01F0  
                       l124 0222                         l152 01D0                         l149 0204  
                       l960 0202                         l970 01C2                         l962 0188  
                       l956 01F2                         l972 01C4                         l964 0218  
                       l980 01D2                         l958 01F8                         l974 01C6  
                       l966 01AE                         l990 0086                         l982 01DA  
                       l976 01C8                         l968 01B0                         l992 009C  
                       l984 01E4                         l978 01CC                         l994 00B2  
                       l986 01EE                         l996 00C8                         l988 0078  
                       l998 00DE                         u210 0086                         u211 0082  
                       u220 009C                         u221 0098                         u230 00B2  
                       u231 00AE                         u240 00C8                         u241 00C4  
                       u250 00DE                         u251 00DA                         u260 00F4  
                       u261 00F0                         u270 010A                         u271 0106  
                       u280 0120                         u417 0148                         u281 011C  
                       u290 0136                         u291 0132                         wreg 000FE8  
                      l1000 00F4                        l1002 010A                        l1010 0158  
                      l1004 0120                        l1020 0168                        l1012 015C  
                      l1006 0136                        l1022 016C                        l1014 015E  
                      l1008 013E                        l1024 0170                        l1016 0160  
                      l1026 0174                        l1018 0162                        _main 0158  
                      btemp 000A                        start 0074            __end_of_DAC_init 0206  
              ___param_bank 000000                  _Comp1_init 01AE                       ?_main 0001  
                     i2l132 0070                       _TMR0H 000FD4                       _TMR0L 000FD3  
                     _count 0008                       ttemp5 000B                       ttemp6 000E  
                     ttemp7 0012                       wtemp8 000B            __end_of_HighISR2 0074  
           __initialization 0206                __end_of_main 0188                      ??_main 0006  
             __activetblptr 000000      __size_of_LEDarray_init 0026                      i2l1070 0064  
                    i2l1072 0068                      i2l1064 000A                      i2l1074 006C  
                    i2l1066 001A                      i2l1068 0060           _LEDarray_disp_bin 0078  
        ?_LEDarray_disp_bin 0002               ??_Timer0_init 0002                 ?_Comp1_init 0001  
       ??_LEDarray_disp_bin 0004                      isa$std 000001                   ?_DAC_init 0001  
 __end_of_LEDarray_disp_bin 0158                  __accesstop 0060     __end_of__initialization 020E  
             ___rparam_used 000001               _LEDarray_init 0188             _Interrupts_init 0218  
            __pcstackCOMRAM 0001         __end_of_Timer0_init 01F2                   ?_HighISR2 0001  
                ??_DAC_init 0002         __size_of_Comp1_init 0024              ?_LEDarray_init 0001  
                ??_HighISR2 0001                     i2u40_48 0052                     i2u36_40 001A  
                   i2u36_41 0016                     i2u37_40 002C                     i2u37_41 0024  
                   i2u39_40 0050                     i2u38_48 002E                     i2u39_41 0048  
__size_of_LEDarray_disp_bin 00E0     __end_of_Interrupts_init 0224                     __Hparam 0000  
                   __Lparam 0000                 _Timer0_init 01D2                     __pcinit 0206  
                   __ramtop 0E00                     __ptext0 0158                     __ptext1 01D2  
                   __ptext2 0188                     __ptext3 0078                     __ptext4 0218  
                   __ptext5 01AE                     __ptext6 01F2        end_of_initialization 020E  
           ??_LEDarray_init 0002                ??_Comp1_init 0002                   _TRISAbits 000F81  
                 _TRISBbits 000F82                   _TRISDbits 000F84                   _TRISFbits 000F86  
                 _TRISGbits 000F87                   _TRISHbits 000F88           __size_of_DAC_init 0014  
        __end_of_Comp1_init 01D2                 _CM1CON0bits 000ED0                 _CM1CON1bits 000ED1  
          ?_Interrupts_init 0001         start_initialization 0206           __size_of_HighISR2 006C  
               __pbssCOMRAM 0006                ?_Timer0_init 0001                   __pintcode 0008  
                  _DAC_init 01F2                    _LATAbits 000F79                    _LATBbits 000F7A  
                  _LATDbits 000F7C                    _LATFbits 000F7E                    _LATGbits 000F7F  
                  _LATHbits 000F80                    _PIE0bits 000E29                    _PIE2bits 000E2B  
                  _PIR0bits 000E33                    _HighISR2 0008                  _CM1NCHbits 000ED2  
                _CM1PCHbits 000ED3       __end_of_LEDarray_init 01AE                    __Hrparam 0000  
                  __Lrparam 0000                  _ANSELFbits 000EB4                  _T0CON0bits 000FD5  
                _T0CON1bits 000FD6                    _disp_val 0006     LEDarray_disp_bin@number 0002  
             __size_of_main 0030                    isa$xinst 000000    __size_of_Interrupts_init 000C  
                  int$flags 000A        __size_of_Timer0_init 0020                  _INTCONbits 000FF2  
                  intlevel2 0000                _DAC1CON0bits 000EC6                _DAC1CON1bits 000EC7  
